loading...
load gene_gene finished!
load gene_drug finished!
load drug_drug finished!
load drug_feature finished!
Edge types: 2638
======================================================
Defining placeholders
Create minibatch iterator
Minibatch edge type: (1, 1, 0)
Train edges= 8914
Val edges= 1114
Test edges= 1114
Minibatch edge type: (1, 1, 1)
Train edges= 0811
Val edges= 0101
Test edges= 0101
Minibatch edge type: (1, 1, 2)
Train edges= 0868
Val edges= 0108
Test edges= 0108
Minibatch edge type: (1, 1, 3)
Train edges= 0942
Val edges= 0117
Test edges= 0117
Minibatch edge type: (1, 1, 4)
Train edges= 0817
Val edges= 0102
Test edges= 0102
Minibatch edge type: (1, 1, 5)
Train edges= 0120
Val edges= 0014
Test edges= 0014
Minibatch edge type: (1, 1, 6)
Train edges= 0033
Val edges= 0003
Test edges= 0003
Minibatch edge type: (1, 1, 7)
Train edges= 2349
Val edges= 0293
Test edges= 0293
Minibatch edge type: (1, 1, 8)
Train edges= 3589
Val edges= 0448
Test edges= 0448
Minibatch edge type: (1, 1, 9)
Train edges= 2388
Val edges= 0298
Test edges= 0298
Minibatch edge type: (1, 1, 10)
Train edges= 2009
Val edges= 0251
Test edges= 0251
Minibatch edge type: (1, 1, 11)
Train edges= 4275
Val edges= 0534
Test edges= 0534
Minibatch edge type: (1, 1, 12)
Train edges= 2154
Val edges= 0269
Test edges= 0269
Minibatch edge type: (1, 1, 13)
Train edges= 1527
Val edges= 0190
Test edges= 0190
Minibatch edge type: (1, 1, 14)
Train edges= 0518
Val edges= 0064
Test edges= 0064
Minibatch edge type: (1, 1, 15)
Train edges= 0286
Val edges= 0035
Test edges= 0035
Minibatch edge type: (1, 1, 16)
Train edges= 0875
Val edges= 0109
Test edges= 0109
Minibatch edge type: (1, 1, 17)
Train edges= 3344
Val edges= 0418
Test edges= 0418
Minibatch edge type: (1, 1, 18)
Train edges= 1662
Val edges= 0207
Test edges= 0207
Minibatch edge type: (1, 1, 19)
Train edges= 0091
Val edges= 0011
Test edges= 0011
Minibatch edge type: (1, 1, 20)
Train edges= 0095
Val edges= 0011
Test edges= 0011
Minibatch edge type: (1, 1, 21)
Train edges= 1331
Val edges= 0166
Test edges= 0166
Minibatch edge type: (1, 1, 22)
Train edges= 1369
Val edges= 0171
Test edges= 0171
Minibatch edge type: (1, 1, 23)
Train edges= 0056
Val edges= 0007
Test edges= 0007
Minibatch edge type: (1, 1, 24)
Train edges= 0134
Val edges= 0016
Test edges= 0016
Minibatch edge type: (1, 1, 25)
Train edges= 3854
Val edges= 0481
Test edges= 0481
Minibatch edge type: (1, 1, 26)
Train edges= 3617
Val edges= 0452
Test edges= 0452
Minibatch edge type: (1, 1, 27)
Train edges= 1651
Val edges= 0206
Test edges= 0206
Minibatch edge type: (1, 1, 28)
Train edges= 0482
Val edges= 0060
Test edges= 0060
Minibatch edge type: (1, 1, 29)
Train edges= 0533
Val edges= 0066
Test edges= 0066
Minibatch edge type: (1, 1, 30)
Train edges= 0189
Val edges= 0023
Test edges= 0023
Minibatch edge type: (1, 1, 31)
Train edges= 8976
Val edges= 1121
Test edges= 1121
Minibatch edge type: (1, 1, 32)
Train edges= 2941
Val edges= 0367
Test edges= 0367
Minibatch edge type: (1, 1, 33)
Train edges= 2648
Val edges= 0330
Test edges= 0330
Minibatch edge type: (1, 1, 34)
Train edges= 0745
Val edges= 0093
Test edges= 0093
Minibatch edge type: (1, 1, 35)
Train edges= 0168
Val edges= 0020
Test edges= 0020
Minibatch edge type: (1, 1, 36)
Train edges= 0009
Val edges= 0000
Test edges= 0000
Minibatch edge type: (1, 1, 37)
Train edges= 0377
Val edges= 0047
Test edges= 0047
Minibatch edge type: (1, 1, 38)
Train edges= 0879
Val edges= 0109
Test edges= 0109
Minibatch edge type: (1, 1, 39)
Train edges= 9650
Val edges= 1206
Test edges= 1206
Minibatch edge type: (1, 1, 40)
Train edges= 0950
Val edges= 0118
Test edges= 0118
Minibatch edge type: (1, 1, 41)
Train edges= 0220
Val edges= 0027
Test edges= 0027
Minibatch edge type: (1, 1, 42)
Train edges= 0017
Val edges= 0002
Test edges= 0002
Minibatch edge type: (1, 1, 43)
Train edges= 3757
Val edges= 0469
Test edges= 0469
Minibatch edge type: (1, 1, 44)
Train edges= 0005
Val edges= 0000
Test edges= 0000
Minibatch edge type: (1, 1, 45)
Train edges= 2696
Val edges= 0337
Test edges= 0337
Minibatch edge type: (1, 1, 46)
Train edges= 15502
Val edges= 1937
Test edges= 1937
Minibatch edge type: (1, 1, 47)
Train edges= 2145
Val edges= 0267
Test edges= 0267
Minibatch edge type: (1, 1, 48)
Train edges= 0820
Val edges= 0102
Test edges= 0102
Minibatch edge type: (1, 1, 49)
Train edges= 1158
Val edges= 0144
Test edges= 0144
Minibatch edge type: (1, 1, 50)
Train edges= 6943
Val edges= 0867
Test edges= 0867
Minibatch edge type: (1, 1, 51)
Train edges= 3399
Val edges= 0424
Test edges= 0424
Minibatch edge type: (1, 1, 52)
Train edges= 1434
Val edges= 0179
Test edges= 0179
Minibatch edge type: (1, 1, 53)
Train edges= 1085
Val edges= 0135
Test edges= 0135
Minibatch edge type: (1, 1, 54)
Train edges= 1857
Val edges= 0231
Test edges= 0231
Minibatch edge type: (1, 1, 55)
Train edges= 0693
Val edges= 0086
Test edges= 0086
Minibatch edge type: (1, 1, 56)
Train edges= 0648
Val edges= 0081
Test edges= 0081
Minibatch edge type: (1, 1, 57)
Train edges= 0394
Val edges= 0049
Test edges= 0049
Minibatch edge type: (1, 1, 58)
Train edges= 0177
Val edges= 0021
Test edges= 0021
Minibatch edge type: (1, 1, 59)
Train edges= 2003
Val edges= 0250
Test edges= 0250
Minibatch edge type: (1, 1, 60)
Train edges= 2771
Val edges= 0346
Test edges= 0346
Minibatch edge type: (1, 1, 61)
Train edges= 1051
Val edges= 0131
Test edges= 0131
Minibatch edge type: (1, 1, 62)
Train edges= 2721
Val edges= 0339
Test edges= 0339
Minibatch edge type: (1, 1, 63)
Train edges= 1026
Val edges= 0128
Test edges= 0128
Minibatch edge type: (1, 1, 64)
Train edges= 1434
Val edges= 0179
Test edges= 0179
Minibatch edge type: (1, 1, 65)
Train edges= 3116
Val edges= 0389
Test edges= 0389
Minibatch edge type: (1, 1, 66)
Train edges= 2723
Val edges= 0340
Test edges= 0340
Minibatch edge type: (1, 1, 67)
Train edges= 0500
Val edges= 0062
Test edges= 0062
Minibatch edge type: (1, 1, 68)
Train edges= 3031
Val edges= 0378
Test edges= 0378
Minibatch edge type: (1, 1, 69)
Train edges= 1219
Val edges= 0152
Test edges= 0152
Minibatch edge type: (1, 1, 70)
Train edges= 5373
Val edges= 0671
Test edges= 0671
Minibatch edge type: (1, 1, 71)
Train edges= 0246
Val edges= 0030
Test edges= 0030
Minibatch edge type: (1, 1, 72)
Train edges= 5303
Val edges= 0662
Test edges= 0662
Minibatch edge type: (1, 1, 73)
Train edges= 0791
Val edges= 0098
Test edges= 0098
Minibatch edge type: (1, 1, 74)
Train edges= 13690
Val edges= 1711
Test edges= 1711
Minibatch edge type: (1, 1, 75)
Train edges= 8543
Val edges= 1067
Test edges= 1067
Minibatch edge type: (1, 1, 76)
Train edges= 1182
Val edges= 0147
Test edges= 0147
Minibatch edge type: (1, 1, 77)
Train edges= 15029
Val edges= 1878
Test edges= 1878
Minibatch edge type: (1, 1, 78)
Train edges= 1747
Val edges= 0218
Test edges= 0218
Minibatch edge type: (1, 1, 79)
Train edges= 0370
Val edges= 0046
Test edges= 0046
Minibatch edge type: (1, 1, 80)
Train edges= 10016
Val edges= 1251
Test edges= 1251
Minibatch edge type: (1, 1, 81)
Train edges= 0161
Val edges= 0020
Test edges= 0020
Minibatch edge type: (1, 1, 82)
Train edges= 0065
Val edges= 0007
Test edges= 0007
Minibatch edge type: (1, 1, 83)
Train edges= 0520
Val edges= 0065
Test edges= 0065
Minibatch edge type: (1, 1, 84)
Train edges= 5632
Val edges= 0704
Test edges= 0704
Minibatch edge type: (1, 1, 85)
Train edges= 10072
Val edges= 1259
Test edges= 1259
Minibatch edge type: (1, 1, 86)
Train edges= 2200
Val edges= 0275
Test edges= 0275
Minibatch edge type: (1, 1, 87)
Train edges= 1349
Val edges= 0168
Test edges= 0168
Minibatch edge type: (1, 1, 88)
Train edges= 6945
Val edges= 0868
Test edges= 0868
Minibatch edge type: (1, 1, 89)
Train edges= 2117
Val edges= 0264
Test edges= 0264
Minibatch edge type: (1, 1, 90)
Train edges= 0148
Val edges= 0018
Test edges= 0018
Minibatch edge type: (1, 1, 91)
Train edges= 0233
Val edges= 0028
Test edges= 0028
Minibatch edge type: (1, 1, 92)
Train edges= 8507
Val edges= 1063
Test edges= 1063
Minibatch edge type: (1, 1, 93)
Train edges= 7404
Val edges= 0925
Test edges= 0925
Minibatch edge type: (1, 1, 94)
Train edges= 1464
Val edges= 0182
Test edges= 0182
Minibatch edge type: (1, 1, 95)
Train edges= 3383
Val edges= 0422
Test edges= 0422
Minibatch edge type: (1, 1, 96)
Train edges= 6752
Val edges= 0843
Test edges= 0843
Minibatch edge type: (1, 1, 97)
Train edges= 4595
Val edges= 0574
Test edges= 0574
Minibatch edge type: (1, 1, 98)
Train edges= 2269
Val edges= 0283
Test edges= 0283
Minibatch edge type: (1, 1, 99)
Train edges= 0814
Val edges= 0101
Test edges= 0101
Minibatch edge type: (1, 1, 100)
Train edges= 1585
Val edges= 0197
Test edges= 0197
Minibatch edge type: (1, 1, 101)
Train edges= 0529
Val edges= 0065
Test edges= 0065
Minibatch edge type: (1, 1, 102)
Train edges= 3111
Val edges= 0388
Test edges= 0388
Minibatch edge type: (1, 1, 103)
Train edges= 0107
Val edges= 0013
Test edges= 0013
Minibatch edge type: (1, 1, 104)
Train edges= 7270
Val edges= 0908
Test edges= 0908
Minibatch edge type: (1, 1, 105)
Train edges= 0510
Val edges= 0063
Test edges= 0063
Minibatch edge type: (1, 1, 106)
Train edges= 14357
Val edges= 1794
Test edges= 1794
Minibatch edge type: (1, 1, 107)
Train edges= 7315
Val edges= 0914
Test edges= 0914
Minibatch edge type: (1, 1, 108)
Train edges= 5259
Val edges= 0657
Test edges= 0657
Minibatch edge type: (1, 1, 109)
Train edges= 9955
Val edges= 1244
Test edges= 1244
Minibatch edge type: (1, 1, 110)
Train edges= 6753
Val edges= 0844
Test edges= 0844
Minibatch edge type: (1, 1, 111)
Train edges= 10882
Val edges= 1360
Test edges= 1360
Minibatch edge type: (1, 1, 112)
Train edges= 2665
Val edges= 0333
Test edges= 0333
Minibatch edge type: (1, 1, 113)
Train edges= 0387
Val edges= 0048
Test edges= 0048
Minibatch edge type: (1, 1, 114)
Train edges= 3543
Val edges= 0442
Test edges= 0442
Minibatch edge type: (1, 1, 115)
Train edges= 10173
Val edges= 1271
Test edges= 1271
Minibatch edge type: (1, 1, 116)
Train edges= 12461
Val edges= 1557
Test edges= 1557
Minibatch edge type: (1, 1, 117)
Train edges= 3417
Val edges= 0426
Test edges= 0426
Minibatch edge type: (1, 1, 118)
Train edges= 0641
Val edges= 0080
Test edges= 0080
Minibatch edge type: (1, 1, 119)
Train edges= 11733
Val edges= 1466
Test edges= 1466
Minibatch edge type: (1, 1, 120)
Train edges= 4218
Val edges= 0527
Test edges= 0527
Minibatch edge type: (1, 1, 121)
Train edges= 3222
Val edges= 0402
Test edges= 0402
Minibatch edge type: (1, 1, 122)
Train edges= 2184
Val edges= 0273
Test edges= 0273
Minibatch edge type: (1, 1, 123)
Train edges= 2607
Val edges= 0325
Test edges= 0325
Minibatch edge type: (1, 1, 124)
Train edges= 1092
Val edges= 0136
Test edges= 0136
Minibatch edge type: (1, 1, 125)
Train edges= 4359
Val edges= 0544
Test edges= 0544
Minibatch edge type: (1, 1, 126)
Train edges= 0846
Val edges= 0105
Test edges= 0105
Minibatch edge type: (1, 1, 127)
Train edges= 0043
Val edges= 0005
Test edges= 0005
Minibatch edge type: (1, 1, 128)
Train edges= 2685
Val edges= 0335
Test edges= 0335
Minibatch edge type: (1, 1, 129)
Train edges= 0281
Val edges= 0034
Test edges= 0034
Minibatch edge type: (1, 1, 130)
Train edges= 0480
Val edges= 0060
Test edges= 0060
Minibatch edge type: (1, 1, 131)
Train edges= 8823
Val edges= 1102
Test edges= 1102
Minibatch edge type: (1, 1, 132)
Train edges= 10984
Val edges= 1372
Test edges= 1372
Minibatch edge type: (1, 1, 133)
Train edges= 0924
Val edges= 0115
Test edges= 0115
Minibatch edge type: (1, 1, 134)
Train edges= 0480
Val edges= 0059
Test edges= 0059
Minibatch edge type: (1, 1, 135)
Train edges= 0311
Val edges= 0038
Test edges= 0038
Minibatch edge type: (1, 1, 136)
Train edges= 0052
Val edges= 0006
Test edges= 0006
Minibatch edge type: (1, 1, 137)
Train edges= 10724
Val edges= 1340
Test edges= 1340
Minibatch edge type: (1, 1, 138)
Train edges= 22856
Val edges= 2856
Test edges= 2856
Minibatch edge type: (1, 1, 139)
Train edges= 0267
Val edges= 0033
Test edges= 0033
Minibatch edge type: (1, 1, 140)
Train edges= 4328
Val edges= 0540
Test edges= 0540
Minibatch edge type: (1, 1, 141)
Train edges= 6043
Val edges= 0755
Test edges= 0755
Minibatch edge type: (1, 1, 142)
Train edges= 1765
Val edges= 0220
Test edges= 0220
Minibatch edge type: (1, 1, 143)
Train edges= 0974
Val edges= 0121
Test edges= 0121
Minibatch edge type: (1, 1, 144)
Train edges= 0846
Val edges= 0105
Test edges= 0105
Minibatch edge type: (1, 1, 145)
Train edges= 0058
Val edges= 0007
Test edges= 0007
Minibatch edge type: (1, 1, 146)
Train edges= 2680
Val edges= 0334
Test edges= 0334
Minibatch edge type: (1, 1, 147)
Train edges= 0047
Val edges= 0005
Test edges= 0005
Minibatch edge type: (1, 1, 148)
Train edges= 0305
Val edges= 0038
Test edges= 0038
Minibatch edge type: (1, 1, 149)
Train edges= 8534
Val edges= 1066
Test edges= 1066
Minibatch edge type: (1, 1, 150)
Train edges= 3808
Val edges= 0476
Test edges= 0476
Minibatch edge type: (1, 1, 151)
Train edges= 2156
Val edges= 0269
Test edges= 0269
Minibatch edge type: (1, 1, 152)
Train edges= 1179
Val edges= 0147
Test edges= 0147
Minibatch edge type: (1, 1, 153)
Train edges= 0160
Val edges= 0019
Test edges= 0019
Minibatch edge type: (1, 1, 154)
Train edges= 1472
Val edges= 0183
Test edges= 0183
Minibatch edge type: (1, 1, 155)
Train edges= 4205
Val edges= 0525
Test edges= 0525
Minibatch edge type: (1, 1, 156)
Train edges= 7307
Val edges= 0913
Test edges= 0913
Minibatch edge type: (1, 1, 157)
Train edges= 0862
Val edges= 0107
Test edges= 0107
Minibatch edge type: (1, 1, 158)
Train edges= 6364
Val edges= 0795
Test edges= 0795
Minibatch edge type: (1, 1, 159)
Train edges= 3088
Val edges= 0385
Test edges= 0385
Minibatch edge type: (1, 1, 160)
Train edges= 0633
Val edges= 0079
Test edges= 0079
Minibatch edge type: (1, 1, 161)
Train edges= 0394
Val edges= 0049
Test edges= 0049
Minibatch edge type: (1, 1, 162)
Train edges= 3240
Val edges= 0404
Test edges= 0404
Minibatch edge type: (1, 1, 163)
Train edges= 0125
Val edges= 0015
Test edges= 0015
Minibatch edge type: (1, 1, 164)
Train edges= 4991
Val edges= 0623
Test edges= 0623
Minibatch edge type: (1, 1, 165)
Train edges= 0239
Val edges= 0029
Test edges= 0029
Minibatch edge type: (1, 1, 166)
Train edges= 0166
Val edges= 0020
Test edges= 0020
Minibatch edge type: (1, 1, 167)
Train edges= 2318
Val edges= 0289
Test edges= 0289
Minibatch edge type: (1, 1, 168)
Train edges= 0002
Val edges= 0000
Test edges= 0000
Minibatch edge type: (1, 1, 169)
Train edges= 4359
Val edges= 0544
Test edges= 0544
Minibatch edge type: (1, 1, 170)
Train edges= 8768
Val edges= 1096
Test edges= 1096
Minibatch edge type: (1, 1, 171)
Train edges= 0319
Val edges= 0039
Test edges= 0039
Minibatch edge type: (1, 1, 172)
Train edges= 0085
Val edges= 0010
Test edges= 0010
Minibatch edge type: (1, 1, 173)
Train edges= 2532
Val edges= 0316
Test edges= 0316
Minibatch edge type: (1, 1, 174)
Train edges= 3469
Val edges= 0433
Test edges= 0433
Minibatch edge type: (1, 1, 175)
Train edges= 0223
Val edges= 0027
Test edges= 0027
Minibatch edge type: (1, 1, 176)
Train edges= 1617
Val edges= 0201
Test edges= 0201
Minibatch edge type: (1, 1, 177)
Train edges= 3255
Val edges= 0406
Test edges= 0406
Minibatch edge type: (1, 1, 178)
Train edges= 2847
Val edges= 0355
Test edges= 0355
Minibatch edge type: (1, 1, 179)
Train edges= 1806
Val edges= 0225
Test edges= 0225
Minibatch edge type: (1, 1, 180)
Train edges= 4388
Val edges= 0548
Test edges= 0548
Minibatch edge type: (1, 1, 181)
Train edges= 0573
Val edges= 0071
Test edges= 0071
Minibatch edge type: (1, 1, 182)
Train edges= 0305
Val edges= 0038
Test edges= 0038
Minibatch edge type: (1, 1, 183)
Train edges= 0267
Val edges= 0033
Test edges= 0033
Minibatch edge type: (1, 1, 184)
Train edges= 0990
Val edges= 0123
Test edges= 0123
Minibatch edge type: (1, 1, 185)
Train edges= 0785
Val edges= 0098
Test edges= 0098
Minibatch edge type: (1, 1, 186)
Train edges= 9128
Val edges= 1141
Test edges= 1141
Minibatch edge type: (1, 1, 187)
Train edges= 5414
Val edges= 0676
Test edges= 0676
Minibatch edge type: (1, 1, 188)
Train edges= 0460
Val edges= 0057
Test edges= 0057
Minibatch edge type: (1, 1, 189)
Train edges= 3187
Val edges= 0398
Test edges= 0398
Minibatch edge type: (1, 1, 190)
Train edges= 1553
Val edges= 0193
Test edges= 0193
Minibatch edge type: (1, 1, 191)
Train edges= 1207
Val edges= 0150
Test edges= 0150
Minibatch edge type: (1, 1, 192)
Train edges= 1191
Val edges= 0148
Test edges= 0148
Minibatch edge type: (1, 1, 193)
Train edges= 5328
Val edges= 0666
Test edges= 0666
Minibatch edge type: (1, 1, 194)
Train edges= 4334
Val edges= 0541
Test edges= 0541
Minibatch edge type: (1, 1, 195)
Train edges= 0360
Val edges= 0045
Test edges= 0045
Minibatch edge type: (1, 1, 196)
Train edges= 0185
Val edges= 0023
Test edges= 0023
Minibatch edge type: (1, 1, 197)
Train edges= 2130
Val edges= 0266
Test edges= 0266
Minibatch edge type: (1, 1, 198)
Train edges= 0232
Val edges= 0028
Test edges= 0028
Minibatch edge type: (1, 1, 199)
Train edges= 0196
Val edges= 0024
Test edges= 0024
Minibatch edge type: (1, 1, 200)
Train edges= 15843
Val edges= 1980
Test edges= 1980
Minibatch edge type: (1, 1, 201)
Train edges= 0824
Val edges= 0103
Test edges= 0103
Minibatch edge type: (1, 1, 202)
Train edges= 0015
Val edges= 0001
Test edges= 0001
Minibatch edge type: (1, 1, 203)
Train edges= 1708
Val edges= 0213
Test edges= 0213
Minibatch edge type: (1, 1, 204)
Train edges= 0545
Val edges= 0068
Test edges= 0068
Minibatch edge type: (1, 1, 205)
Train edges= 0944
Val edges= 0117
Test edges= 0117
Minibatch edge type: (1, 1, 206)
Train edges= 6528
Val edges= 0816
Test edges= 0816
Minibatch edge type: (1, 1, 207)
Train edges= 0030
Val edges= 0003
Test edges= 0003
Minibatch edge type: (1, 1, 208)
Train edges= 0086
Val edges= 0010
Test edges= 0010
Minibatch edge type: (1, 1, 209)
Train edges= 15114
Val edges= 1889
Test edges= 1889
Minibatch edge type: (1, 1, 210)
Train edges= 0601
Val edges= 0075
Test edges= 0075
Minibatch edge type: (1, 1, 211)
Train edges= 0199
Val edges= 0024
Test edges= 0024
Minibatch edge type: (1, 1, 212)
Train edges= 1599
Val edges= 0199
Test edges= 0199
Minibatch edge type: (1, 1, 213)
Train edges= 2870
Val edges= 0358
Test edges= 0358
Minibatch edge type: (1, 1, 214)
Train edges= 0560
Val edges= 0070
Test edges= 0070
Minibatch edge type: (1, 1, 215)
Train edges= 0447
Val edges= 0055
Test edges= 0055
Minibatch edge type: (1, 1, 216)
Train edges= 0938
Val edges= 0117
Test edges= 0117
Minibatch edge type: (1, 1, 217)
Train edges= 6720
Val edges= 0839
Test edges= 0839
Minibatch edge type: (1, 1, 218)
Train edges= 0793
Val edges= 0099
Test edges= 0099
Minibatch edge type: (1, 1, 219)
Train edges= 3739
Val edges= 0467
Test edges= 0467
Minibatch edge type: (1, 1, 220)
Train edges= 2376
Val edges= 0297
Test edges= 0297
Minibatch edge type: (1, 1, 221)
Train edges= 0331
Val edges= 0041
Test edges= 0041
Minibatch edge type: (1, 1, 222)
Train edges= 0366
Val edges= 0045
Test edges= 0045
Minibatch edge type: (1, 1, 223)
Train edges= 1909
Val edges= 0238
Test edges= 0238
Minibatch edge type: (1, 1, 224)
Train edges= 0218
Val edges= 0027
Test edges= 0027
Minibatch edge type: (1, 1, 225)
Train edges= 5480
Val edges= 0684
Test edges= 0684
Minibatch edge type: (1, 1, 226)
Train edges= 7425
Val edges= 0927
Test edges= 0927
Minibatch edge type: (1, 1, 227)
Train edges= 0480
Val edges= 0060
Test edges= 0060
Minibatch edge type: (1, 1, 228)
Train edges= 0180
Val edges= 0022
Test edges= 0022
Minibatch edge type: (1, 1, 229)
Train edges= 0190
Val edges= 0023
Test edges= 0023
Minibatch edge type: (1, 1, 230)
Train edges= 0007
Val edges= 0000
Test edges= 0000
Minibatch edge type: (1, 1, 231)
Train edges= 2943
Val edges= 0367
Test edges= 0367
Minibatch edge type: (1, 1, 232)
Train edges= 0289
Val edges= 0036
Test edges= 0036
Minibatch edge type: (1, 1, 233)
Train edges= 0672
Val edges= 0084
Test edges= 0084
Minibatch edge type: (1, 1, 234)
Train edges= 3645
Val edges= 0455
Test edges= 0455
Minibatch edge type: (1, 1, 235)
Train edges= 4281
Val edges= 0535
Test edges= 0535
Minibatch edge type: (1, 1, 236)
Train edges= 0408
Val edges= 0051
Test edges= 0051
Minibatch edge type: (1, 1, 237)
Train edges= 12360
Val edges= 1545
Test edges= 1545
Minibatch edge type: (1, 1, 238)
Train edges= 3146
Val edges= 0393
Test edges= 0393
Minibatch edge type: (1, 1, 239)
Train edges= 0768
Val edges= 0096
Test edges= 0096
Minibatch edge type: (1, 1, 240)
Train edges= 4873
Val edges= 0609
Test edges= 0609
Minibatch edge type: (1, 1, 241)
Train edges= 0088
Val edges= 0010
Test edges= 0010
Minibatch edge type: (1, 1, 242)
Train edges= 0140
Val edges= 0017
Test edges= 0017
Minibatch edge type: (1, 1, 243)
Train edges= 2505
Val edges= 0313
Test edges= 0313
Minibatch edge type: (1, 1, 244)
Train edges= 0016
Val edges= 0001
Test edges= 0001
Minibatch edge type: (1, 1, 245)
Train edges= 0079
Val edges= 0009
Test edges= 0009
Minibatch edge type: (1, 1, 246)
Train edges= 0690
Val edges= 0086
Test edges= 0086
Minibatch edge type: (1, 1, 247)
Train edges= 14055
Val edges= 1756
Test edges= 1756
Minibatch edge type: (1, 1, 248)
Train edges= 7021
Val edges= 0877
Test edges= 0877
Minibatch edge type: (1, 1, 249)
Train edges= 0080
Val edges= 0010
Test edges= 0010
Minibatch edge type: (1, 1, 250)
Train edges= 6765
Val edges= 0845
Test edges= 0845
Minibatch edge type: (1, 1, 251)
Train edges= 2409
Val edges= 0300
Test edges= 0300
Minibatch edge type: (1, 1, 252)
Train edges= 0488
Val edges= 0060
Test edges= 0060
Minibatch edge type: (1, 1, 253)
Train edges= 0075
Val edges= 0009
Test edges= 0009
Minibatch edge type: (1, 1, 254)
Train edges= 2244
Val edges= 0280
Test edges= 0280
Minibatch edge type: (1, 1, 255)
Train edges= 8280
Val edges= 1034
Test edges= 1034
Minibatch edge type: (1, 1, 256)
Train edges= 4725
Val edges= 0590
Test edges= 0590
Minibatch edge type: (1, 1, 257)
Train edges= 2335
Val edges= 0291
Test edges= 0291
Minibatch edge type: (1, 1, 258)
Train edges= 0273
Val edges= 0033
Test edges= 0033
Minibatch edge type: (1, 1, 259)
Train edges= 1433
Val edges= 0179
Test edges= 0179
Minibatch edge type: (1, 1, 260)
Train edges= 0257
Val edges= 0032
Test edges= 0032
Minibatch edge type: (1, 1, 261)
Train edges= 3790
Val edges= 0473
Test edges= 0473
Minibatch edge type: (1, 1, 262)
Train edges= 10365
Val edges= 1295
Test edges= 1295
Minibatch edge type: (1, 1, 263)
Train edges= 1632
Val edges= 0203
Test edges= 0203
Minibatch edge type: (1, 1, 264)
Train edges= 0088
Val edges= 0010
Test edges= 0010
Minibatch edge type: (1, 1, 265)
Train edges= 0017
Val edges= 0002
Test edges= 0002
Minibatch edge type: (1, 1, 266)
Train edges= 0919
Val edges= 0114
Test edges= 0114
Minibatch edge type: (1, 1, 267)
Train edges= 7621
Val edges= 0952
Test edges= 0952
Minibatch edge type: (1, 1, 268)
Train edges= 0333
Val edges= 0041
Test edges= 0041
Minibatch edge type: (1, 1, 269)
Train edges= 0373
Val edges= 0046
Test edges= 0046
Minibatch edge type: (1, 1, 270)
Train edges= 0679
Val edges= 0084
Test edges= 0084
Minibatch edge type: (1, 1, 271)
Train edges= 10495
Val edges= 1311
Test edges= 1311
Minibatch edge type: (1, 1, 272)
Train edges= 1097
Val edges= 0137
Test edges= 0137
Minibatch edge type: (1, 1, 273)
Train edges= 1358
Val edges= 0169
Test edges= 0169
Minibatch edge type: (1, 1, 274)
Train edges= 0235
Val edges= 0029
Test edges= 0029
Minibatch edge type: (1, 1, 275)
Train edges= 4900
Val edges= 0612
Test edges= 0612
Minibatch edge type: (1, 1, 276)
Train edges= 10001
Val edges= 1250
Test edges= 1250
Minibatch edge type: (1, 1, 277)
Train edges= 2538
Val edges= 0317
Test edges= 0317
Minibatch edge type: (1, 1, 278)
Train edges= 0240
Val edges= 0029
Test edges= 0029
Minibatch edge type: (1, 1, 279)
Train edges= 1275
Val edges= 0159
Test edges= 0159
Minibatch edge type: (1, 1, 280)
Train edges= 9552
Val edges= 1194
Test edges= 1194
Minibatch edge type: (1, 1, 281)
Train edges= 8785
Val edges= 1097
Test edges= 1097
Minibatch edge type: (1, 1, 282)
Train edges= 9130
Val edges= 1141
Test edges= 1141
Minibatch edge type: (1, 1, 283)
Train edges= 13245
Val edges= 1655
Test edges= 1655
Minibatch edge type: (1, 1, 284)
Train edges= 7503
Val edges= 0937
Test edges= 0937
Minibatch edge type: (1, 1, 285)
Train edges= 1984
Val edges= 0247
Test edges= 0247
Minibatch edge type: (1, 1, 286)
Train edges= 1031
Val edges= 0128
Test edges= 0128
Minibatch edge type: (1, 1, 287)
Train edges= 0120
Val edges= 0015
Test edges= 0015
Minibatch edge type: (1, 1, 288)
Train edges= 0284
Val edges= 0035
Test edges= 0035
Minibatch edge type: (1, 1, 289)
Train edges= 6773
Val edges= 0846
Test edges= 0846
Minibatch edge type: (1, 1, 290)
Train edges= 5128
Val edges= 0641
Test edges= 0641
Minibatch edge type: (1, 1, 291)
Train edges= 0169
Val edges= 0021
Test edges= 0021
Minibatch edge type: (1, 1, 292)
Train edges= 1242
Val edges= 0155
Test edges= 0155
Minibatch edge type: (1, 1, 293)
Train edges= 0246
Val edges= 0030
Test edges= 0030
Minibatch edge type: (1, 1, 294)
Train edges= 7734
Val edges= 0966
Test edges= 0966
Minibatch edge type: (1, 1, 295)
Train edges= 1012
Val edges= 0126
Test edges= 0126
Minibatch edge type: (1, 1, 296)
Train edges= 1111
Val edges= 0138
Test edges= 0138
Minibatch edge type: (1, 1, 297)
Train edges= 0674
Val edges= 0084
Test edges= 0084
Minibatch edge type: (1, 1, 298)
Train edges= 2776
Val edges= 0347
Test edges= 0347
Minibatch edge type: (1, 1, 299)
Train edges= 4136
Val edges= 0516
Test edges= 0516
Minibatch edge type: (1, 1, 300)
Train edges= 0207
Val edges= 0025
Test edges= 0025
Minibatch edge type: (1, 1, 301)
Train edges= 3850
Val edges= 0481
Test edges= 0481
Minibatch edge type: (1, 1, 302)
Train edges= 9054
Val edges= 1131
Test edges= 1131
Minibatch edge type: (1, 1, 303)
Train edges= 0412
Val edges= 0051
Test edges= 0051
Minibatch edge type: (1, 1, 304)
Train edges= 0858
Val edges= 0107
Test edges= 0107
Minibatch edge type: (1, 1, 305)
Train edges= 0093
Val edges= 0011
Test edges= 0011
Minibatch edge type: (1, 1, 306)
Train edges= 6168
Val edges= 0771
Test edges= 0771
Minibatch edge type: (1, 1, 307)
Train edges= 2184
Val edges= 0273
Test edges= 0273
Minibatch edge type: (1, 1, 308)
Train edges= 0407
Val edges= 0050
Test edges= 0050
Minibatch edge type: (1, 1, 309)
Train edges= 1406
Val edges= 0175
Test edges= 0175
Minibatch edge type: (1, 1, 310)
Train edges= 5729
Val edges= 0716
Test edges= 0716
Minibatch edge type: (1, 1, 311)
Train edges= 2212
Val edges= 0276
Test edges= 0276
Minibatch edge type: (1, 1, 312)
Train edges= 0387
Val edges= 0048
Test edges= 0048
Minibatch edge type: (1, 1, 313)
Train edges= 0382
Val edges= 0047
Test edges= 0047
Minibatch edge type: (1, 1, 314)
Train edges= 0996
Val edges= 0124
Test edges= 0124
Minibatch edge type: (1, 1, 315)
Train edges= 0341
Val edges= 0042
Test edges= 0042
Minibatch edge type: (1, 1, 316)
Train edges= 1974
Val edges= 0246
Test edges= 0246
Minibatch edge type: (1, 1, 317)
Train edges= 0621
Val edges= 0077
Test edges= 0077
Minibatch edge type: (1, 1, 318)
Train edges= 5412
Val edges= 0676
Test edges= 0676
Minibatch edge type: (1, 1, 319)
Train edges= 0569
Val edges= 0070
Test edges= 0070
Minibatch edge type: (1, 1, 320)
Train edges= 0745
Val edges= 0093
Test edges= 0093
Minibatch edge type: (1, 1, 321)
Train edges= 1241
Val edges= 0154
Test edges= 0154
Minibatch edge type: (1, 1, 322)
Train edges= 1804
Val edges= 0225
Test edges= 0225
Minibatch edge type: (1, 1, 323)
Train edges= 0339
Val edges= 0042
Test edges= 0042
Minibatch edge type: (1, 1, 324)
Train edges= 3821
Val edges= 0477
Test edges= 0477
Minibatch edge type: (1, 1, 325)
Train edges= 13097
Val edges= 1637
Test edges= 1637
Minibatch edge type: (1, 1, 326)
Train edges= 7697
Val edges= 0962
Test edges= 0962
Minibatch edge type: (1, 1, 327)
Train edges= 0256
Val edges= 0031
Test edges= 0031
Minibatch edge type: (1, 1, 328)
Train edges= 3527
Val edges= 0440
Test edges= 0440
Minibatch edge type: (1, 1, 329)
Train edges= 1521
Val edges= 0190
Test edges= 0190
Minibatch edge type: (1, 1, 330)
Train edges= 5389
Val edges= 0673
Test edges= 0673
Minibatch edge type: (1, 1, 331)
Train edges= 0596
Val edges= 0074
Test edges= 0074
Minibatch edge type: (1, 1, 332)
Train edges= 0090
Val edges= 0011
Test edges= 0011
Minibatch edge type: (1, 1, 333)
Train edges= 4780
Val edges= 0597
Test edges= 0597
Minibatch edge type: (1, 1, 334)
Train edges= 0073
Val edges= 0008
Test edges= 0008
Minibatch edge type: (1, 1, 335)
Train edges= 7352
Val edges= 0919
Test edges= 0919
Minibatch edge type: (1, 1, 336)
Train edges= 8824
Val edges= 1102
Test edges= 1102
Minibatch edge type: (1, 1, 337)
Train edges= 0638
Val edges= 0079
Test edges= 0079
Minibatch edge type: (1, 1, 338)
Train edges= 1064
Val edges= 0132
Test edges= 0132
Minibatch edge type: (1, 1, 339)
Train edges= 3407
Val edges= 0425
Test edges= 0425
Minibatch edge type: (1, 1, 340)
Train edges= 0593
Val edges= 0073
Test edges= 0073
Minibatch edge type: (1, 1, 341)
Train edges= 1377
Val edges= 0171
Test edges= 0171
Minibatch edge type: (1, 1, 342)
Train edges= 1243
Val edges= 0155
Test edges= 0155
Minibatch edge type: (1, 1, 343)
Train edges= 0011
Val edges= 0001
Test edges= 0001
Minibatch edge type: (1, 1, 344)
Train edges= 0030
Val edges= 0003
Test edges= 0003
Minibatch edge type: (1, 1, 345)
Train edges= 0899
Val edges= 0112
Test edges= 0112
Minibatch edge type: (1, 1, 346)
Train edges= 0065
Val edges= 0008
Test edges= 0008
Minibatch edge type: (1, 1, 347)
Train edges= 0440
Val edges= 0054
Test edges= 0054
Minibatch edge type: (1, 1, 348)
Train edges= 4062
Val edges= 0507
Test edges= 0507
Minibatch edge type: (1, 1, 349)
Train edges= 0730
Val edges= 0091
Test edges= 0091
Minibatch edge type: (1, 1, 350)
Train edges= 1108
Val edges= 0138
Test edges= 0138
Minibatch edge type: (1, 1, 351)
Train edges= 0570
Val edges= 0071
Test edges= 0071
Minibatch edge type: (1, 1, 352)
Train edges= 2760
Val edges= 0345
Test edges= 0345
Minibatch edge type: (1, 1, 353)
Train edges= 0073
Val edges= 0008
Test edges= 0008
Minibatch edge type: (1, 1, 354)
Train edges= 3383
Val edges= 0422
Test edges= 0422
Minibatch edge type: (1, 1, 355)
Train edges= 2440
Val edges= 0304
Test edges= 0304
Minibatch edge type: (1, 1, 356)
Train edges= 0774
Val edges= 0096
Test edges= 0096
Minibatch edge type: (1, 1, 357)
Train edges= 7351
Val edges= 0918
Test edges= 0918
Minibatch edge type: (1, 1, 358)
Train edges= 1810
Val edges= 0226
Test edges= 0226
Minibatch edge type: (1, 1, 359)
Train edges= 2280
Val edges= 0284
Test edges= 0284
Minibatch edge type: (1, 1, 360)
Train edges= 0976
Val edges= 0122
Test edges= 0122
Minibatch edge type: (1, 1, 361)
Train edges= 1282
Val edges= 0160
Test edges= 0160
Minibatch edge type: (1, 1, 362)
Train edges= 1230
Val edges= 0153
Test edges= 0153
Minibatch edge type: (1, 1, 363)
Train edges= 0666
Val edges= 0083
Test edges= 0083
Minibatch edge type: (1, 1, 364)
Train edges= 0589
Val edges= 0073
Test edges= 0073
Minibatch edge type: (1, 1, 365)
Train edges= 0049
Val edges= 0006
Test edges= 0006
Minibatch edge type: (1, 1, 366)
Train edges= 0234
Val edges= 0029
Test edges= 0029
Minibatch edge type: (1, 1, 367)
Train edges= 1688
Val edges= 0211
Test edges= 0211
Minibatch edge type: (1, 1, 368)
Train edges= 1786
Val edges= 0223
Test edges= 0223
Minibatch edge type: (1, 1, 369)
Train edges= 1972
Val edges= 0246
Test edges= 0246
Minibatch edge type: (1, 1, 370)
Train edges= 0977
Val edges= 0121
Test edges= 0121
Minibatch edge type: (1, 1, 371)
Train edges= 5437
Val edges= 0679
Test edges= 0679
Minibatch edge type: (1, 1, 372)
Train edges= 1651
Val edges= 0206
Test edges= 0206
Minibatch edge type: (1, 1, 373)
Train edges= 0578
Val edges= 0072
Test edges= 0072
Minibatch edge type: (1, 1, 374)
Train edges= 2769
Val edges= 0346
Test edges= 0346
Minibatch edge type: (1, 1, 375)
Train edges= 6685
Val edges= 0835
Test edges= 0835
Minibatch edge type: (1, 1, 376)
Train edges= 1759
Val edges= 0219
Test edges= 0219
Minibatch edge type: (1, 1, 377)
Train edges= 2930
Val edges= 0366
Test edges= 0366
Minibatch edge type: (1, 1, 378)
Train edges= 2836
Val edges= 0354
Test edges= 0354
Minibatch edge type: (1, 1, 379)
Train edges= 2613
Val edges= 0326
Test edges= 0326
Minibatch edge type: (1, 1, 380)
Train edges= 15944
Val edges= 1993
Test edges= 1993
Minibatch edge type: (1, 1, 381)
Train edges= 14328
Val edges= 1791
Test edges= 1791
Minibatch edge type: (1, 1, 382)
Train edges= 4823
Val edges= 0602
Test edges= 0602
Minibatch edge type: (1, 1, 383)
Train edges= 0746
Val edges= 0093
Test edges= 0093
Minibatch edge type: (1, 1, 384)
Train edges= 5222
Val edges= 0652
Test edges= 0652
Minibatch edge type: (1, 1, 385)
Train edges= 0259
Val edges= 0032
Test edges= 0032
Minibatch edge type: (1, 1, 386)
Train edges= 5454
Val edges= 0681
Test edges= 0681
Minibatch edge type: (1, 1, 387)
Train edges= 2526
Val edges= 0315
Test edges= 0315
Minibatch edge type: (1, 1, 388)
Train edges= 0019
Val edges= 0002
Test edges= 0002
Minibatch edge type: (1, 1, 389)
Train edges= 0157
Val edges= 0019
Test edges= 0019
Minibatch edge type: (1, 1, 390)
Train edges= 0105
Val edges= 0013
Test edges= 0013
Minibatch edge type: (1, 1, 391)
Train edges= 2435
Val edges= 0304
Test edges= 0304
Minibatch edge type: (1, 1, 392)
Train edges= 9445
Val edges= 1180
Test edges= 1180
Minibatch edge type: (1, 1, 393)
Train edges= 0235
Val edges= 0029
Test edges= 0029
Minibatch edge type: (1, 1, 394)
Train edges= 7392
Val edges= 0924
Test edges= 0924
Minibatch edge type: (1, 1, 395)
Train edges= 0111
Val edges= 0013
Test edges= 0013
Minibatch edge type: (1, 1, 396)
Train edges= 4043
Val edges= 0505
Test edges= 0505
Minibatch edge type: (1, 1, 397)
Train edges= 5552
Val edges= 0694
Test edges= 0694
Minibatch edge type: (1, 1, 398)
Train edges= 0127
Val edges= 0015
Test edges= 0015
Minibatch edge type: (1, 1, 399)
Train edges= 1575
Val edges= 0196
Test edges= 0196
Minibatch edge type: (1, 1, 400)
Train edges= 0070
Val edges= 0008
Test edges= 0008
Minibatch edge type: (1, 1, 401)
Train edges= 0027
Val edges= 0003
Test edges= 0003
Minibatch edge type: (1, 1, 402)
Train edges= 5941
Val edges= 0742
Test edges= 0742
Minibatch edge type: (1, 1, 403)
Train edges= 7144
Val edges= 0892
Test edges= 0892
Minibatch edge type: (1, 1, 404)
Train edges= 7320
Val edges= 0914
Test edges= 0914
Minibatch edge type: (1, 1, 405)
Train edges= 7361
Val edges= 0920
Test edges= 0920
Minibatch edge type: (1, 1, 406)
Train edges= 0095
Val edges= 0011
Test edges= 0011
Minibatch edge type: (1, 1, 407)
Train edges= 2659
Val edges= 0332
Test edges= 0332
Minibatch edge type: (1, 1, 408)
Train edges= 2675
Val edges= 0334
Test edges= 0334
Minibatch edge type: (1, 1, 409)
Train edges= 1353
Val edges= 0169
Test edges= 0169
Minibatch edge type: (1, 1, 410)
Train edges= 3224
Val edges= 0402
Test edges= 0402
Minibatch edge type: (1, 1, 411)
Train edges= 2536
Val edges= 0316
Test edges= 0316
Minibatch edge type: (1, 1, 412)
Train edges= 1605
Val edges= 0200
Test edges= 0200
Minibatch edge type: (1, 1, 413)
Train edges= 0344
Val edges= 0042
Test edges= 0042
Minibatch edge type: (1, 1, 414)
Train edges= 0467
Val edges= 0058
Test edges= 0058
Minibatch edge type: (1, 1, 415)
Train edges= 0197
Val edges= 0024
Test edges= 0024
Minibatch edge type: (1, 1, 416)
Train edges= 16164
Val edges= 2020
Test edges= 2020
Minibatch edge type: (1, 1, 417)
Train edges= 4365
Val edges= 0545
Test edges= 0545
Minibatch edge type: (1, 1, 418)
Train edges= 5289
Val edges= 0660
Test edges= 0660
Minibatch edge type: (1, 1, 419)
Train edges= 2616
Val edges= 0326
Test edges= 0326
Minibatch edge type: (1, 1, 420)
Train edges= 1989
Val edges= 0248
Test edges= 0248
Minibatch edge type: (1, 1, 421)
Train edges= 0367
Val edges= 0045
Test edges= 0045
Minibatch edge type: (1, 1, 422)
Train edges= 0108
Val edges= 0013
Test edges= 0013
Minibatch edge type: (1, 1, 423)
Train edges= 4556
Val edges= 0569
Test edges= 0569
Minibatch edge type: (1, 1, 424)
Train edges= 0202
Val edges= 0025
Test edges= 0025
Minibatch edge type: (1, 1, 425)
Train edges= 0524
Val edges= 0065
Test edges= 0065
Minibatch edge type: (1, 1, 426)
Train edges= 1714
Val edges= 0214
Test edges= 0214
Minibatch edge type: (1, 1, 427)
Train edges= 11281
Val edges= 1409
Test edges= 1409
Minibatch edge type: (1, 1, 428)
Train edges= 5339
Val edges= 0667
Test edges= 0667
Minibatch edge type: (1, 1, 429)
Train edges= 6366
Val edges= 0795
Test edges= 0795
Minibatch edge type: (1, 1, 430)
Train edges= 0064
Val edges= 0008
Test edges= 0008
Minibatch edge type: (1, 1, 431)
Train edges= 0112
Val edges= 0013
Test edges= 0013
Minibatch edge type: (1, 1, 432)
Train edges= 0165
Val edges= 0020
Test edges= 0020
Minibatch edge type: (1, 1, 433)
Train edges= 2643
Val edges= 0330
Test edges= 0330
Minibatch edge type: (1, 1, 434)
Train edges= 0541
Val edges= 0067
Test edges= 0067
Minibatch edge type: (1, 1, 435)
Train edges= 0424
Val edges= 0053
Test edges= 0053
Minibatch edge type: (1, 1, 436)
Train edges= 0209
Val edges= 0025
Test edges= 0025
Minibatch edge type: (1, 1, 437)
Train edges= 3677
Val edges= 0459
Test edges= 0459
Minibatch edge type: (1, 1, 438)
Train edges= 4524
Val edges= 0565
Test edges= 0565
Minibatch edge type: (1, 1, 439)
Train edges= 5489
Val edges= 0685
Test edges= 0685
Minibatch edge type: (1, 1, 440)
Train edges= 6443
Val edges= 0805
Test edges= 0805
Minibatch edge type: (1, 1, 441)
Train edges= 1993
Val edges= 0249
Test edges= 0249
Minibatch edge type: (1, 1, 442)
Train edges= 0192
Val edges= 0024
Test edges= 0024
Minibatch edge type: (1, 1, 443)
Train edges= 0030
Val edges= 0003
Test edges= 0003
Minibatch edge type: (1, 1, 444)
Train edges= 0414
Val edges= 0051
Test edges= 0051
Minibatch edge type: (1, 1, 445)
Train edges= 0032
Val edges= 0004
Test edges= 0004
Minibatch edge type: (1, 1, 446)
Train edges= 0002
Val edges= 0000
Test edges= 0000
Minibatch edge type: (1, 1, 447)
Train edges= 0368
Val edges= 0046
Test edges= 0046
Minibatch edge type: (1, 1, 448)
Train edges= 0054
Val edges= 0006
Test edges= 0006
Minibatch edge type: (1, 1, 449)
Train edges= 1065
Val edges= 0133
Test edges= 0133
Minibatch edge type: (1, 1, 450)
Train edges= 0324
Val edges= 0040
Test edges= 0040
Minibatch edge type: (1, 1, 451)
Train edges= 0249
Val edges= 0031
Test edges= 0031
Minibatch edge type: (1, 1, 452)
Train edges= 0739
Val edges= 0092
Test edges= 0092
Minibatch edge type: (1, 1, 453)
Train edges= 0083
Val edges= 0010
Test edges= 0010
Minibatch edge type: (1, 1, 454)
Train edges= 0458
Val edges= 0057
Test edges= 0057
Minibatch edge type: (1, 1, 455)
Train edges= 0407
Val edges= 0050
Test edges= 0050
Minibatch edge type: (1, 1, 456)
Train edges= 0089
Val edges= 0010
Test edges= 0010
Minibatch edge type: (1, 1, 457)
Train edges= 0529
Val edges= 0066
Test edges= 0066
Minibatch edge type: (1, 1, 458)
Train edges= 4529
Val edges= 0566
Test edges= 0566
Minibatch edge type: (1, 1, 459)
Train edges= 0108
Val edges= 0013
Test edges= 0013
Minibatch edge type: (1, 1, 460)
Train edges= 0023
Val edges= 0002
Test edges= 0002
Minibatch edge type: (1, 1, 461)
Train edges= 1737
Val edges= 0217
Test edges= 0217
Minibatch edge type: (1, 1, 462)
Train edges= 2820
Val edges= 0352
Test edges= 0352
Minibatch edge type: (1, 1, 463)
Train edges= 0056
Val edges= 0006
Test edges= 0006
Minibatch edge type: (1, 1, 464)
Train edges= 4173
Val edges= 0521
Test edges= 0521
Minibatch edge type: (1, 1, 465)
Train edges= 0272
Val edges= 0033
Test edges= 0033
Minibatch edge type: (1, 1, 466)
Train edges= 0869
Val edges= 0108
Test edges= 0108
Minibatch edge type: (1, 1, 467)
Train edges= 0025
Val edges= 0002
Test edges= 0002
Minibatch edge type: (1, 1, 468)
Train edges= 5848
Val edges= 0730
Test edges= 0730
Minibatch edge type: (1, 1, 469)
Train edges= 1503
Val edges= 0187
Test edges= 0187
Minibatch edge type: (1, 1, 470)
Train edges= 3807
Val edges= 0475
Test edges= 0475
Minibatch edge type: (1, 1, 471)
Train edges= 0006
Val edges= 0000
Test edges= 0000
Minibatch edge type: (1, 1, 472)
Train edges= 0024
Val edges= 0002
Test edges= 0002
Minibatch edge type: (1, 1, 473)
Train edges= 4674
Val edges= 0584
Test edges= 0584
Minibatch edge type: (1, 1, 474)
Train edges= 4504
Val edges= 0562
Test edges= 0562
Minibatch edge type: (1, 1, 475)
Train edges= 11315
Val edges= 1414
Test edges= 1414
Minibatch edge type: (1, 1, 476)
Train edges= 6154
Val edges= 0769
Test edges= 0769
Minibatch edge type: (1, 1, 477)
Train edges= 0010
Val edges= 0001
Test edges= 0001
Minibatch edge type: (1, 1, 478)
Train edges= 0108
Val edges= 0013
Test edges= 0013
Minibatch edge type: (1, 1, 479)
Train edges= 0585
Val edges= 0072
Test edges= 0072
Minibatch edge type: (1, 1, 480)
Train edges= 0014
Val edges= 0001
Test edges= 0001
Minibatch edge type: (1, 1, 481)
Train edges= 4109
Val edges= 0513
Test edges= 0513
Minibatch edge type: (1, 1, 482)
Train edges= 3034
Val edges= 0379
Test edges= 0379
Minibatch edge type: (1, 1, 483)
Train edges= 2478
Val edges= 0309
Test edges= 0309
Minibatch edge type: (1, 1, 484)
Train edges= 2416
Val edges= 0301
Test edges= 0301
Minibatch edge type: (1, 1, 485)
Train edges= 0082
Val edges= 0010
Test edges= 0010
Minibatch edge type: (1, 1, 486)
Train edges= 0417
Val edges= 0051
Test edges= 0051
Minibatch edge type: (1, 1, 487)
Train edges= 0032
Val edges= 0003
Test edges= 0003
Minibatch edge type: (1, 1, 488)
Train edges= 0273
Val edges= 0033
Test edges= 0033
Minibatch edge type: (1, 1, 489)
Train edges= 0667
Val edges= 0083
Test edges= 0083
Minibatch edge type: (1, 1, 490)
Train edges= 0744
Val edges= 0093
Test edges= 0093
Minibatch edge type: (1, 1, 491)
Train edges= 6152
Val edges= 0769
Test edges= 0769
Minibatch edge type: (1, 1, 492)
Train edges= 2657
Val edges= 0332
Test edges= 0332
Minibatch edge type: (1, 1, 493)
Train edges= 3532
Val edges= 0441
Test edges= 0441
Minibatch edge type: (1, 1, 494)
Train edges= 0131
Val edges= 0016
Test edges= 0016
Minibatch edge type: (1, 1, 495)
Train edges= 0634
Val edges= 0079
Test edges= 0079
Minibatch edge type: (1, 1, 496)
Train edges= 0026
Val edges= 0003
Test edges= 0003
Minibatch edge type: (1, 1, 497)
Train edges= 0218
Val edges= 0027
Test edges= 0027
Minibatch edge type: (1, 1, 498)
Train edges= 0438
Val edges= 0054
Test edges= 0054
Minibatch edge type: (1, 1, 499)
Train edges= 7848
Val edges= 0980
Test edges= 0980
Minibatch edge type: (1, 1, 500)
Train edges= 11484
Val edges= 1435
Test edges= 1435
Minibatch edge type: (1, 1, 501)
Train edges= 5724
Val edges= 0715
Test edges= 0715
Minibatch edge type: (1, 1, 502)
Train edges= 0080
Val edges= 0009
Test edges= 0009
Minibatch edge type: (1, 1, 503)
Train edges= 2173
Val edges= 0271
Test edges= 0271
Minibatch edge type: (1, 1, 504)
Train edges= 1101
Val edges= 0137
Test edges= 0137
Minibatch edge type: (1, 1, 505)
Train edges= 0793
Val edges= 0099
Test edges= 0099
Minibatch edge type: (1, 1, 506)
Train edges= 5600
Val edges= 0699
Test edges= 0699
Minibatch edge type: (1, 1, 507)
Train edges= 4238
Val edges= 0529
Test edges= 0529
Minibatch edge type: (1, 1, 508)
Train edges= 0495
Val edges= 0061
Test edges= 0061
Minibatch edge type: (1, 1, 509)
Train edges= 1243
Val edges= 0155
Test edges= 0155
Minibatch edge type: (1, 1, 510)
Train edges= 0303
Val edges= 0037
Test edges= 0037
Minibatch edge type: (1, 1, 511)
Train edges= 1183
Val edges= 0147
Test edges= 0147
Minibatch edge type: (1, 1, 512)
Train edges= 0199
Val edges= 0024
Test edges= 0024
Minibatch edge type: (1, 1, 513)
Train edges= 1825
Val edges= 0228
Test edges= 0228
Minibatch edge type: (1, 1, 514)
Train edges= 1382
Val edges= 0172
Test edges= 0172
Minibatch edge type: (1, 1, 515)
Train edges= 3297
Val edges= 0412
Test edges= 0412
Minibatch edge type: (1, 1, 516)
Train edges= 0521
Val edges= 0064
Test edges= 0064
Minibatch edge type: (1, 1, 517)
Train edges= 1565
Val edges= 0195
Test edges= 0195
Minibatch edge type: (1, 1, 518)
Train edges= 0885
Val edges= 0110
Test edges= 0110
Minibatch edge type: (1, 1, 519)
Train edges= 0810
Val edges= 0101
Test edges= 0101
Minibatch edge type: (1, 1, 520)
Train edges= 2394
Val edges= 0299
Test edges= 0299
Minibatch edge type: (1, 1, 521)
Train edges= 0696
Val edges= 0087
Test edges= 0087
Minibatch edge type: (1, 1, 522)
Train edges= 0632
Val edges= 0078
Test edges= 0078
Minibatch edge type: (1, 1, 523)
Train edges= 5801
Val edges= 0725
Test edges= 0725
Minibatch edge type: (1, 1, 524)
Train edges= 0490
Val edges= 0061
Test edges= 0061
Minibatch edge type: (1, 1, 525)
Train edges= 1169
Val edges= 0146
Test edges= 0146
Minibatch edge type: (1, 1, 526)
Train edges= 9897
Val edges= 1236
Test edges= 1236
Minibatch edge type: (1, 1, 527)
Train edges= 0953
Val edges= 0119
Test edges= 0119
Minibatch edge type: (1, 1, 528)
Train edges= 0078
Val edges= 0009
Test edges= 0009
Minibatch edge type: (1, 1, 529)
Train edges= 0135
Val edges= 0016
Test edges= 0016
Minibatch edge type: (1, 1, 530)
Train edges= 8282
Val edges= 1035
Test edges= 1035
Minibatch edge type: (1, 1, 531)
Train edges= 17128
Val edges= 2141
Test edges= 2141
Minibatch edge type: (1, 1, 532)
Train edges= 2824
Val edges= 0352
Test edges= 0352
Minibatch edge type: (1, 1, 533)
Train edges= 0087
Val edges= 0010
Test edges= 0010
Minibatch edge type: (1, 1, 534)
Train edges= 4715
Val edges= 0589
Test edges= 0589
Minibatch edge type: (1, 1, 535)
Train edges= 1357
Val edges= 0169
Test edges= 0169
Minibatch edge type: (1, 1, 536)
Train edges= 1798
Val edges= 0224
Test edges= 0224
Minibatch edge type: (1, 1, 537)
Train edges= 0128
Val edges= 0016
Test edges= 0016
Minibatch edge type: (1, 1, 538)
Train edges= 5336
Val edges= 0667
Test edges= 0667
Minibatch edge type: (1, 1, 539)
Train edges= 0819
Val edges= 0102
Test edges= 0102
Minibatch edge type: (1, 1, 540)
Train edges= 0917
Val edges= 0114
Test edges= 0114
Minibatch edge type: (1, 1, 541)
Train edges= 1336
Val edges= 0166
Test edges= 0166
Minibatch edge type: (1, 1, 542)
Train edges= 0224
Val edges= 0028
Test edges= 0028
Minibatch edge type: (1, 1, 543)
Train edges= 1761
Val edges= 0220
Test edges= 0220
Minibatch edge type: (1, 1, 544)
Train edges= 0081
Val edges= 0009
Test edges= 0009
Minibatch edge type: (1, 1, 545)
Train edges= 0834
Val edges= 0104
Test edges= 0104
Minibatch edge type: (1, 1, 546)
Train edges= 2568
Val edges= 0320
Test edges= 0320
Minibatch edge type: (1, 1, 547)
Train edges= 4568
Val edges= 0570
Test edges= 0570
Minibatch edge type: (1, 1, 548)
Train edges= 0008
Val edges= 0000
Test edges= 0000
Minibatch edge type: (1, 1, 549)
Train edges= 8856
Val edges= 1107
Test edges= 1107
Minibatch edge type: (1, 1, 550)
Train edges= 2290
Val edges= 0286
Test edges= 0286
Minibatch edge type: (1, 1, 551)
Train edges= 2760
Val edges= 0344
Test edges= 0344
Minibatch edge type: (1, 1, 552)
Train edges= 6444
Val edges= 0805
Test edges= 0805
Minibatch edge type: (1, 1, 553)
Train edges= 0793
Val edges= 0098
Test edges= 0098
Minibatch edge type: (1, 1, 554)
Train edges= 0208
Val edges= 0026
Test edges= 0026
Minibatch edge type: (1, 1, 555)
Train edges= 0321
Val edges= 0040
Test edges= 0040
Minibatch edge type: (1, 1, 556)
Train edges= 0090
Val edges= 0011
Test edges= 0011
Minibatch edge type: (1, 1, 557)
Train edges= 5847
Val edges= 0730
Test edges= 0730
Minibatch edge type: (1, 1, 558)
Train edges= 5629
Val edges= 0703
Test edges= 0703
Minibatch edge type: (1, 1, 559)
Train edges= 0057
Val edges= 0007
Test edges= 0007
Minibatch edge type: (1, 1, 560)
Train edges= 11495
Val edges= 1436
Test edges= 1436
Minibatch edge type: (1, 1, 561)
Train edges= 1207
Val edges= 0150
Test edges= 0150
Minibatch edge type: (1, 1, 562)
Train edges= 0094
Val edges= 0011
Test edges= 0011
Minibatch edge type: (1, 1, 563)
Train edges= 5484
Val edges= 0685
Test edges= 0685
Minibatch edge type: (1, 1, 564)
Train edges= 11298
Val edges= 1412
Test edges= 1412
Minibatch edge type: (1, 1, 565)
Train edges= 1186
Val edges= 0148
Test edges= 0148
Minibatch edge type: (1, 1, 566)
Train edges= 0010
Val edges= 0001
Test edges= 0001
Minibatch edge type: (1, 1, 567)
Train edges= 0340
Val edges= 0042
Test edges= 0042
Minibatch edge type: (1, 1, 568)
Train edges= 0247
Val edges= 0030
Test edges= 0030
Minibatch edge type: (1, 1, 569)
Train edges= 0219
Val edges= 0027
Test edges= 0027
Minibatch edge type: (1, 1, 570)
Train edges= 0140
Val edges= 0017
Test edges= 0017
Minibatch edge type: (1, 1, 571)
Train edges= 3808
Val edges= 0475
Test edges= 0475
Minibatch edge type: (1, 1, 572)
Train edges= 0041
Val edges= 0005
Test edges= 0005
Minibatch edge type: (1, 1, 573)
Train edges= 9421
Val edges= 1177
Test edges= 1177
Minibatch edge type: (1, 1, 574)
Train edges= 5449
Val edges= 0680
Test edges= 0680
Minibatch edge type: (1, 1, 575)
Train edges= 0720
Val edges= 0089
Test edges= 0089
Minibatch edge type: (1, 1, 576)
Train edges= 0451
Val edges= 0056
Test edges= 0056
Minibatch edge type: (1, 1, 577)
Train edges= 2680
Val edges= 0334
Test edges= 0334
Minibatch edge type: (1, 1, 578)
Train edges= 0133
Val edges= 0016
Test edges= 0016
Minibatch edge type: (1, 1, 579)
Train edges= 4133
Val edges= 0516
Test edges= 0516
Minibatch edge type: (1, 1, 580)
Train edges= 1489
Val edges= 0186
Test edges= 0186
Minibatch edge type: (1, 1, 581)
Train edges= 0098
Val edges= 0012
Test edges= 0012
Minibatch edge type: (1, 1, 582)
Train edges= 4982
Val edges= 0622
Test edges= 0622
Minibatch edge type: (1, 1, 583)
Train edges= 0496
Val edges= 0062
Test edges= 0062
Minibatch edge type: (1, 1, 584)
Train edges= 0003
Val edges= 0000
Test edges= 0000
Minibatch edge type: (1, 1, 585)
Train edges= 2353
Val edges= 0294
Test edges= 0294
Minibatch edge type: (1, 1, 586)
Train edges= 21606
Val edges= 2700
Test edges= 2700
Minibatch edge type: (1, 1, 587)
Train edges= 1336
Val edges= 0167
Test edges= 0167
Minibatch edge type: (1, 1, 588)
Train edges= 2181
Val edges= 0272
Test edges= 0272
Minibatch edge type: (1, 1, 589)
Train edges= 10538
Val edges= 1317
Test edges= 1317
Minibatch edge type: (1, 1, 590)
Train edges= 0136
Val edges= 0016
Test edges= 0016
Minibatch edge type: (1, 1, 591)
Train edges= 5426
Val edges= 0678
Test edges= 0678
Minibatch edge type: (1, 1, 592)
Train edges= 0408
Val edges= 0051
Test edges= 0051
Minibatch edge type: (1, 1, 593)
Train edges= 2897
Val edges= 0361
Test edges= 0361
Minibatch edge type: (1, 1, 594)
Train edges= 12769
Val edges= 1596
Test edges= 1596
Minibatch edge type: (1, 1, 595)
Train edges= 1717
Val edges= 0214
Test edges= 0214
Minibatch edge type: (1, 1, 596)
Train edges= 0080
Val edges= 0009
Test edges= 0009
Minibatch edge type: (1, 1, 597)
Train edges= 3560
Val edges= 0445
Test edges= 0445
Minibatch edge type: (1, 1, 598)
Train edges= 0688
Val edges= 0085
Test edges= 0085
Minibatch edge type: (1, 1, 599)
Train edges= 12437
Val edges= 1554
Test edges= 1554
Minibatch edge type: (1, 1, 600)
Train edges= 9351
Val edges= 1168
Test edges= 1168
Minibatch edge type: (1, 1, 601)
Train edges= 1848
Val edges= 0231
Test edges= 0231
Minibatch edge type: (1, 1, 602)
Train edges= 6607
Val edges= 0825
Test edges= 0825
Minibatch edge type: (1, 1, 603)
Train edges= 1064
Val edges= 0133
Test edges= 0133
Minibatch edge type: (1, 1, 604)
Train edges= 3140
Val edges= 0392
Test edges= 0392
Minibatch edge type: (1, 1, 605)
Train edges= 0597
Val edges= 0074
Test edges= 0074
Minibatch edge type: (1, 1, 606)
Train edges= 0262
Val edges= 0032
Test edges= 0032
Minibatch edge type: (1, 1, 607)
Train edges= 2681
Val edges= 0334
Test edges= 0334
Minibatch edge type: (1, 1, 608)
Train edges= 0121
Val edges= 0014
Test edges= 0014
Minibatch edge type: (1, 1, 609)
Train edges= 2691
Val edges= 0336
Test edges= 0336
Minibatch edge type: (1, 1, 610)
Train edges= 20152
Val edges= 2519
Test edges= 2519
Minibatch edge type: (1, 1, 611)
Train edges= 10880
Val edges= 1359
Test edges= 1359
Minibatch edge type: (1, 1, 612)
Train edges= 0102
Val edges= 0012
Test edges= 0012
Minibatch edge type: (1, 1, 613)
Train edges= 0039
Val edges= 0004
Test edges= 0004
Minibatch edge type: (1, 1, 614)
Train edges= 2932
Val edges= 0366
Test edges= 0366
Minibatch edge type: (1, 1, 615)
Train edges= 1434
Val edges= 0179
Test edges= 0179
Minibatch edge type: (1, 1, 616)
Train edges= 3901
Val edges= 0487
Test edges= 0487
Minibatch edge type: (1, 1, 617)
Train edges= 0070
Val edges= 0008
Test edges= 0008
Minibatch edge type: (1, 1, 618)
Train edges= 0177
Val edges= 0022
Test edges= 0022
Minibatch edge type: (1, 1, 619)
Train edges= 3414
Val edges= 0426
Test edges= 0426
Minibatch edge type: (1, 1, 620)
Train edges= 1474
Val edges= 0184
Test edges= 0184
Minibatch edge type: (1, 1, 621)
Train edges= 1953
Val edges= 0243
Test edges= 0243
Minibatch edge type: (1, 1, 622)
Train edges= 0002
Val edges= 0000
Test edges= 0000
Minibatch edge type: (1, 1, 623)
Train edges= 12422
Val edges= 1552
Test edges= 1552
Minibatch edge type: (1, 1, 624)
Train edges= 7488
Val edges= 0935
Test edges= 0935
Minibatch edge type: (1, 1, 625)
Train edges= 0483
Val edges= 0060
Test edges= 0060
Minibatch edge type: (1, 1, 626)
Train edges= 12266
Val edges= 1533
Test edges= 1533
Minibatch edge type: (1, 1, 627)
Train edges= 3783
Val edges= 0472
Test edges= 0472
Minibatch edge type: (1, 1, 628)
Train edges= 2063
Val edges= 0257
Test edges= 0257
Minibatch edge type: (1, 1, 629)
Train edges= 0587
Val edges= 0073
Test edges= 0073
Minibatch edge type: (1, 1, 630)
Train edges= 1181
Val edges= 0147
Test edges= 0147
Minibatch edge type: (1, 1, 631)
Train edges= 0614
Val edges= 0076
Test edges= 0076
Minibatch edge type: (1, 1, 632)
Train edges= 0088
Val edges= 0010
Test edges= 0010
Minibatch edge type: (1, 1, 633)
Train edges= 0006
Val edges= 0000
Test edges= 0000
Minibatch edge type: (1, 1, 634)
Train edges= 7913
Val edges= 0988
Test edges= 0988
Minibatch edge type: (1, 1, 635)
Train edges= 0374
Val edges= 0046
Test edges= 0046
Minibatch edge type: (1, 1, 636)
Train edges= 3472
Val edges= 0434
Test edges= 0434
Minibatch edge type: (1, 1, 637)
Train edges= 3776
Val edges= 0472
Test edges= 0472
Minibatch edge type: (1, 1, 638)
Train edges= 3528
Val edges= 0441
Test edges= 0441
Minibatch edge type: (1, 1, 639)
Train edges= 5280
Val edges= 0659
Test edges= 0659
Minibatch edge type: (1, 1, 640)
Train edges= 0392
Val edges= 0048
Test edges= 0048
Minibatch edge type: (1, 1, 641)
Train edges= 5889
Val edges= 0735
Test edges= 0735
Minibatch edge type: (1, 1, 642)
Train edges= 11511
Val edges= 1438
Test edges= 1438
Minibatch edge type: (1, 1, 643)
Train edges= 8762
Val edges= 1095
Test edges= 1095
Minibatch edge type: (1, 1, 644)
Train edges= 0409
Val edges= 0050
Test edges= 0050
Minibatch edge type: (1, 1, 645)
Train edges= 15280
Val edges= 1910
Test edges= 1910
Minibatch edge type: (1, 1, 646)
Train edges= 0058
Val edges= 0007
Test edges= 0007
Minibatch edge type: (1, 1, 647)
Train edges= 2062
Val edges= 0257
Test edges= 0257
Minibatch edge type: (1, 1, 648)
Train edges= 9713
Val edges= 1214
Test edges= 1214
Minibatch edge type: (1, 1, 649)
Train edges= 3881
Val edges= 0484
Test edges= 0484
Minibatch edge type: (1, 1, 650)
Train edges= 3602
Val edges= 0450
Test edges= 0450
Minibatch edge type: (1, 1, 651)
Train edges= 0147
Val edges= 0018
Test edges= 0018
Minibatch edge type: (1, 1, 652)
Train edges= 0806
Val edges= 0100
Test edges= 0100
Minibatch edge type: (1, 1, 653)
Train edges= 7486
Val edges= 0935
Test edges= 0935
Minibatch edge type: (1, 1, 654)
Train edges= 0393
Val edges= 0049
Test edges= 0049
Minibatch edge type: (1, 1, 655)
Train edges= 0267
Val edges= 0033
Test edges= 0033
Minibatch edge type: (1, 1, 656)
Train edges= 0441
Val edges= 0055
Test edges= 0055
Minibatch edge type: (1, 1, 657)
Train edges= 5689
Val edges= 0711
Test edges= 0711
Minibatch edge type: (1, 1, 658)
Train edges= 0289
Val edges= 0036
Test edges= 0036
Minibatch edge type: (1, 1, 659)
Train edges= 0011
Val edges= 0001
Test edges= 0001
Minibatch edge type: (1, 1, 660)
Train edges= 2313
Val edges= 0288
Test edges= 0288
Minibatch edge type: (1, 1, 661)
Train edges= 0632
Val edges= 0079
Test edges= 0079
Minibatch edge type: (1, 1, 662)
Train edges= 6137
Val edges= 0766
Test edges= 0766
Minibatch edge type: (1, 1, 663)
Train edges= 0938
Val edges= 0117
Test edges= 0117
Minibatch edge type: (1, 1, 664)
Train edges= 0305
Val edges= 0038
Test edges= 0038
Minibatch edge type: (1, 1, 665)
Train edges= 2043
Val edges= 0255
Test edges= 0255
Minibatch edge type: (1, 1, 666)
Train edges= 0662
Val edges= 0082
Test edges= 0082
Minibatch edge type: (1, 1, 667)
Train edges= 0873
Val edges= 0108
Test edges= 0108
Minibatch edge type: (1, 1, 668)
Train edges= 0408
Val edges= 0050
Test edges= 0050
Minibatch edge type: (1, 1, 669)
Train edges= 6651
Val edges= 0831
Test edges= 0831
Minibatch edge type: (1, 1, 670)
Train edges= 0243
Val edges= 0030
Test edges= 0030
Minibatch edge type: (1, 1, 671)
Train edges= 0235
Val edges= 0029
Test edges= 0029
Minibatch edge type: (1, 1, 672)
Train edges= 10692
Val edges= 1336
Test edges= 1336
Minibatch edge type: (1, 1, 673)
Train edges= 2495
Val edges= 0311
Test edges= 0311
Minibatch edge type: (1, 1, 674)
Train edges= 0193
Val edges= 0023
Test edges= 0023
Minibatch edge type: (1, 1, 675)
Train edges= 0012
Val edges= 0001
Test edges= 0001
Minibatch edge type: (1, 1, 676)
Train edges= 2372
Val edges= 0296
Test edges= 0296
Minibatch edge type: (1, 1, 677)
Train edges= 0291
Val edges= 0036
Test edges= 0036
Minibatch edge type: (1, 1, 678)
Train edges= 0005
Val edges= 0000
Test edges= 0000
Minibatch edge type: (1, 1, 679)
Train edges= 0473
Val edges= 0058
Test edges= 0058
Minibatch edge type: (1, 1, 680)
Train edges= 1790
Val edges= 0223
Test edges= 0223
Minibatch edge type: (1, 1, 681)
Train edges= 0794
Val edges= 0099
Test edges= 0099
Minibatch edge type: (1, 1, 682)
Train edges= 1359
Val edges= 0169
Test edges= 0169
Minibatch edge type: (1, 1, 683)
Train edges= 1552
Val edges= 0194
Test edges= 0194
Minibatch edge type: (1, 1, 684)
Train edges= 17058
Val edges= 2132
Test edges= 2132
Minibatch edge type: (1, 1, 685)
Train edges= 1221
Val edges= 0152
Test edges= 0152
Minibatch edge type: (1, 1, 686)
Train edges= 0186
Val edges= 0023
Test edges= 0023
Minibatch edge type: (1, 1, 687)
Train edges= 0002
Val edges= 0000
Test edges= 0000
Minibatch edge type: (1, 1, 688)
Train edges= 5417
Val edges= 0677
Test edges= 0677
Minibatch edge type: (1, 1, 689)
Train edges= 1580
Val edges= 0197
Test edges= 0197
Minibatch edge type: (1, 1, 690)
Train edges= 0414
Val edges= 0051
Test edges= 0051
Minibatch edge type: (1, 1, 691)
Train edges= 8494
Val edges= 1061
Test edges= 1061
Minibatch edge type: (1, 1, 692)
Train edges= 1373
Val edges= 0171
Test edges= 0171
Minibatch edge type: (1, 1, 693)
Train edges= 2097
Val edges= 0261
Test edges= 0261
Minibatch edge type: (1, 1, 694)
Train edges= 2033
Val edges= 0253
Test edges= 0253
Minibatch edge type: (1, 1, 695)
Train edges= 10531
Val edges= 1316
Test edges= 1316
Minibatch edge type: (1, 1, 696)
Train edges= 14128
Val edges= 1765
Test edges= 1765
Minibatch edge type: (1, 1, 697)
Train edges= 2731
Val edges= 0341
Test edges= 0341
Minibatch edge type: (1, 1, 698)
Train edges= 0221
Val edges= 0027
Test edges= 0027
Minibatch edge type: (1, 1, 699)
Train edges= 0919
Val edges= 0114
Test edges= 0114
Minibatch edge type: (1, 1, 700)
Train edges= 0801
Val edges= 0100
Test edges= 0100
Minibatch edge type: (1, 1, 701)
Train edges= 7897
Val edges= 0986
Test edges= 0986
Minibatch edge type: (1, 1, 702)
Train edges= 14543
Val edges= 1817
Test edges= 1817
Minibatch edge type: (1, 1, 703)
Train edges= 1203
Val edges= 0150
Test edges= 0150
Minibatch edge type: (1, 1, 704)
Train edges= 0508
Val edges= 0063
Test edges= 0063
Minibatch edge type: (1, 1, 705)
Train edges= 1969
Val edges= 0246
Test edges= 0246
Minibatch edge type: (1, 1, 706)
Train edges= 0641
Val edges= 0079
Test edges= 0079
Minibatch edge type: (1, 1, 707)
Train edges= 0344
Val edges= 0042
Test edges= 0042
Minibatch edge type: (1, 1, 708)
Train edges= 2657
Val edges= 0331
Test edges= 0331
Minibatch edge type: (1, 1, 709)
Train edges= 2122
Val edges= 0265
Test edges= 0265
Minibatch edge type: (1, 1, 710)
Train edges= 0400
Val edges= 0049
Test edges= 0049
Minibatch edge type: (1, 1, 711)
Train edges= 0982
Val edges= 0122
Test edges= 0122
Minibatch edge type: (1, 1, 712)
Train edges= 1734
Val edges= 0216
Test edges= 0216
Minibatch edge type: (1, 1, 713)
Train edges= 3086
Val edges= 0385
Test edges= 0385
Minibatch edge type: (1, 1, 714)
Train edges= 0374
Val edges= 0046
Test edges= 0046
Minibatch edge type: (1, 1, 715)
Train edges= 4216
Val edges= 0526
Test edges= 0526
Minibatch edge type: (1, 1, 716)
Train edges= 4213
Val edges= 0526
Test edges= 0526
Minibatch edge type: (1, 1, 717)
Train edges= 5702
Val edges= 0712
Test edges= 0712
Minibatch edge type: (1, 1, 718)
Train edges= 6225
Val edges= 0778
Test edges= 0778
Minibatch edge type: (1, 1, 719)
Train edges= 0446
Val edges= 0055
Test edges= 0055
Minibatch edge type: (1, 1, 720)
Train edges= 2211
Val edges= 0276
Test edges= 0276
Minibatch edge type: (1, 1, 721)
Train edges= 1661
Val edges= 0207
Test edges= 0207
Minibatch edge type: (1, 1, 722)
Train edges= 0536
Val edges= 0067
Test edges= 0067
Minibatch edge type: (1, 1, 723)
Train edges= 0026
Val edges= 0003
Test edges= 0003
Minibatch edge type: (1, 1, 724)
Train edges= 0009
Val edges= 0000
Test edges= 0000
Minibatch edge type: (1, 1, 725)
Train edges= 10517
Val edges= 1314
Test edges= 1314
Minibatch edge type: (1, 1, 726)
Train edges= 0288
Val edges= 0036
Test edges= 0036
Minibatch edge type: (1, 1, 727)
Train edges= 3225
Val edges= 0403
Test edges= 0403
Minibatch edge type: (1, 1, 728)
Train edges= 20831
Val edges= 2603
Test edges= 2603
Minibatch edge type: (1, 1, 729)
Train edges= 1224
Val edges= 0152
Test edges= 0152
Minibatch edge type: (1, 1, 730)
Train edges= 0753
Val edges= 0094
Test edges= 0094
Minibatch edge type: (1, 1, 731)
Train edges= 0107
Val edges= 0013
Test edges= 0013
Minibatch edge type: (1, 1, 732)
Train edges= 0145
Val edges= 0017
Test edges= 0017
Minibatch edge type: (1, 1, 733)
Train edges= 6897
Val edges= 0862
Test edges= 0862
Minibatch edge type: (1, 1, 734)
Train edges= 13648
Val edges= 1706
Test edges= 1706
Minibatch edge type: (1, 1, 735)
Train edges= 0082
Val edges= 0010
Test edges= 0010
Minibatch edge type: (1, 1, 736)
Train edges= 3144
Val edges= 0392
Test edges= 0392
Minibatch edge type: (1, 1, 737)
Train edges= 0737
Val edges= 0092
Test edges= 0092
Minibatch edge type: (1, 1, 738)
Train edges= 4842
Val edges= 0605
Test edges= 0605
Minibatch edge type: (1, 1, 739)
Train edges= 4133
Val edges= 0516
Test edges= 0516
Minibatch edge type: (1, 1, 740)
Train edges= 1002
Val edges= 0125
Test edges= 0125
Minibatch edge type: (1, 1, 741)
Train edges= 0730
Val edges= 0091
Test edges= 0091
Minibatch edge type: (1, 1, 742)
Train edges= 0424
Val edges= 0053
Test edges= 0053
Minibatch edge type: (1, 1, 743)
Train edges= 2824
Val edges= 0352
Test edges= 0352
Minibatch edge type: (1, 1, 744)
Train edges= 3529
Val edges= 0440
Test edges= 0440
Minibatch edge type: (1, 1, 745)
Train edges= 1493
Val edges= 0186
Test edges= 0186
Minibatch edge type: (1, 1, 746)
Train edges= 0643
Val edges= 0080
Test edges= 0080
Minibatch edge type: (1, 1, 747)
Train edges= 0377
Val edges= 0046
Test edges= 0046
Minibatch edge type: (1, 1, 748)
Train edges= 1040
Val edges= 0130
Test edges= 0130
Minibatch edge type: (1, 1, 749)
Train edges= 4998
Val edges= 0624
Test edges= 0624
Minibatch edge type: (1, 1, 750)
Train edges= 4340
Val edges= 0542
Test edges= 0542
Minibatch edge type: (1, 1, 751)
Train edges= 7047
Val edges= 0880
Test edges= 0880
Minibatch edge type: (1, 1, 752)
Train edges= 2387
Val edges= 0298
Test edges= 0298
Minibatch edge type: (1, 1, 753)
Train edges= 4973
Val edges= 0621
Test edges= 0621
Minibatch edge type: (1, 1, 754)
Train edges= 1336
Val edges= 0167
Test edges= 0167
Minibatch edge type: (1, 1, 755)
Train edges= 0453
Val edges= 0056
Test edges= 0056
Minibatch edge type: (1, 1, 756)
Train edges= 6608
Val edges= 0826
Test edges= 0826
Minibatch edge type: (1, 1, 757)
Train edges= 0613
Val edges= 0076
Test edges= 0076
Minibatch edge type: (1, 1, 758)
Train edges= 6176
Val edges= 0772
Test edges= 0772
Minibatch edge type: (1, 1, 759)
Train edges= 0353
Val edges= 0043
Test edges= 0043
Minibatch edge type: (1, 1, 760)
Train edges= 0261
Val edges= 0032
Test edges= 0032
Minibatch edge type: (1, 1, 761)
Train edges= 0011
Val edges= 0001
Test edges= 0001
Minibatch edge type: (1, 1, 762)
Train edges= 0731
Val edges= 0091
Test edges= 0091
Minibatch edge type: (1, 1, 763)
Train edges= 0203
Val edges= 0025
Test edges= 0025
Minibatch edge type: (1, 1, 764)
Train edges= 4393
Val edges= 0548
Test edges= 0548
Minibatch edge type: (1, 1, 765)
Train edges= 4300
Val edges= 0537
Test edges= 0537
Minibatch edge type: (1, 1, 766)
Train edges= 2569
Val edges= 0320
Test edges= 0320
Minibatch edge type: (1, 1, 767)
Train edges= 0749
Val edges= 0093
Test edges= 0093
Minibatch edge type: (1, 1, 768)
Train edges= 0360
Val edges= 0044
Test edges= 0044
Minibatch edge type: (1, 1, 769)
Train edges= 0029
Val edges= 0003
Test edges= 0003
Minibatch edge type: (1, 1, 770)
Train edges= 3012
Val edges= 0376
Test edges= 0376
Minibatch edge type: (1, 1, 771)
Train edges= 0243
Val edges= 0030
Test edges= 0030
Minibatch edge type: (1, 1, 772)
Train edges= 0445
Val edges= 0055
Test edges= 0055
Minibatch edge type: (1, 1, 773)
Train edges= 3760
Val edges= 0469
Test edges= 0469
Minibatch edge type: (1, 1, 774)
Train edges= 2208
Val edges= 0276
Test edges= 0276
Minibatch edge type: (1, 1, 775)
Train edges= 4931
Val edges= 0616
Test edges= 0616
Minibatch edge type: (1, 1, 776)
Train edges= 2064
Val edges= 0257
Test edges= 0257
Minibatch edge type: (1, 1, 777)
Train edges= 4528
Val edges= 0566
Test edges= 0566
Minibatch edge type: (1, 1, 778)
Train edges= 0165
Val edges= 0020
Test edges= 0020
Minibatch edge type: (1, 1, 779)
Train edges= 0041
Val edges= 0005
Test edges= 0005
Minibatch edge type: (1, 1, 780)
Train edges= 0556
Val edges= 0069
Test edges= 0069
Minibatch edge type: (1, 1, 781)
Train edges= 0062
Val edges= 0007
Test edges= 0007
Minibatch edge type: (1, 1, 782)
Train edges= 0573
Val edges= 0071
Test edges= 0071
Minibatch edge type: (1, 1, 783)
Train edges= 0712
Val edges= 0089
Test edges= 0089
Minibatch edge type: (1, 1, 784)
Train edges= 0576
Val edges= 0072
Test edges= 0072
Minibatch edge type: (1, 1, 785)
Train edges= 0281
Val edges= 0035
Test edges= 0035
Minibatch edge type: (1, 1, 786)
Train edges= 0422
Val edges= 0052
Test edges= 0052
Minibatch edge type: (1, 1, 787)
Train edges= 4750
Val edges= 0593
Test edges= 0593
Minibatch edge type: (1, 1, 788)
Train edges= 0688
Val edges= 0085
Test edges= 0085
Minibatch edge type: (1, 1, 789)
Train edges= 0187
Val edges= 0023
Test edges= 0023
Minibatch edge type: (1, 1, 790)
Train edges= 1472
Val edges= 0184
Test edges= 0184
Minibatch edge type: (1, 1, 791)
Train edges= 4586
Val edges= 0573
Test edges= 0573
Minibatch edge type: (1, 1, 792)
Train edges= 2674
Val edges= 0334
Test edges= 0334
Minibatch edge type: (1, 1, 793)
Train edges= 0012
Val edges= 0001
Test edges= 0001
Minibatch edge type: (1, 1, 794)
Train edges= 2414
Val edges= 0301
Test edges= 0301
Minibatch edge type: (1, 1, 795)
Train edges= 0854
Val edges= 0106
Test edges= 0106
Minibatch edge type: (1, 1, 796)
Train edges= 0125
Val edges= 0015
Test edges= 0015
Minibatch edge type: (1, 1, 797)
Train edges= 3080
Val edges= 0385
Test edges= 0385
Minibatch edge type: (1, 1, 798)
Train edges= 4590
Val edges= 0573
Test edges= 0573
Minibatch edge type: (1, 1, 799)
Train edges= 0622
Val edges= 0077
Test edges= 0077
Minibatch edge type: (1, 1, 800)
Train edges= 0376
Val edges= 0047
Test edges= 0047
Minibatch edge type: (1, 1, 801)
Train edges= 0793
Val edges= 0098
Test edges= 0098
Minibatch edge type: (1, 1, 802)
Train edges= 1559
Val edges= 0194
Test edges= 0194
Minibatch edge type: (1, 1, 803)
Train edges= 0025
Val edges= 0002
Test edges= 0002
Minibatch edge type: (1, 1, 804)
Train edges= 7373
Val edges= 0921
Test edges= 0921
Minibatch edge type: (1, 1, 805)
Train edges= 0123
Val edges= 0015
Test edges= 0015
Minibatch edge type: (1, 1, 806)
Train edges= 0364
Val edges= 0045
Test edges= 0045
Minibatch edge type: (1, 1, 807)
Train edges= 0347
Val edges= 0043
Test edges= 0043
Minibatch edge type: (1, 1, 808)
Train edges= 0340
Val edges= 0042
Test edges= 0042
Minibatch edge type: (1, 1, 809)
Train edges= 0236
Val edges= 0029
Test edges= 0029
Minibatch edge type: (1, 1, 810)
Train edges= 0336
Val edges= 0042
Test edges= 0042
Minibatch edge type: (1, 1, 811)
Train edges= 0087
Val edges= 0010
Test edges= 0010
Minibatch edge type: (1, 1, 812)
Train edges= 0272
Val edges= 0034
Test edges= 0034
Minibatch edge type: (1, 1, 813)
Train edges= 0040
Val edges= 0005
Test edges= 0005
Minibatch edge type: (1, 1, 814)
Train edges= 0975
Val edges= 0121
Test edges= 0121
Minibatch edge type: (1, 1, 815)
Train edges= 0201
Val edges= 0024
Test edges= 0024
Minibatch edge type: (1, 1, 816)
Train edges= 2641
Val edges= 0329
Test edges= 0329
Minibatch edge type: (1, 1, 817)
Train edges= 0055
Val edges= 0006
Test edges= 0006
Minibatch edge type: (1, 1, 818)
Train edges= 0475
Val edges= 0059
Test edges= 0059
Minibatch edge type: (1, 1, 819)
Train edges= 5259
Val edges= 0657
Test edges= 0657
Minibatch edge type: (1, 1, 820)
Train edges= 0393
Val edges= 0048
Test edges= 0048
Minibatch edge type: (1, 1, 821)
Train edges= 0427
Val edges= 0053
Test edges= 0053
Minibatch edge type: (1, 1, 822)
Train edges= 0904
Val edges= 0113
Test edges= 0113
Minibatch edge type: (1, 1, 823)
Train edges= 0367
Val edges= 0045
Test edges= 0045
Minibatch edge type: (1, 1, 824)
Train edges= 0799
Val edges= 0099
Test edges= 0099
Minibatch edge type: (1, 1, 825)
Train edges= 0115
Val edges= 0014
Test edges= 0014
Minibatch edge type: (1, 1, 826)
Train edges= 0052
Val edges= 0006
Test edges= 0006
Minibatch edge type: (1, 1, 827)
Train edges= 7804
Val edges= 0975
Test edges= 0975
Minibatch edge type: (1, 1, 828)
Train edges= 3054
Val edges= 0381
Test edges= 0381
Minibatch edge type: (1, 1, 829)
Train edges= 1048
Val edges= 0131
Test edges= 0131
Minibatch edge type: (1, 1, 830)
Train edges= 0165
Val edges= 0020
Test edges= 0020
Minibatch edge type: (1, 1, 831)
Train edges= 0038
Val edges= 0004
Test edges= 0004
Minibatch edge type: (1, 1, 832)
Train edges= 0475
Val edges= 0059
Test edges= 0059
Minibatch edge type: (1, 1, 833)
Train edges= 0120
Val edges= 0015
Test edges= 0015
Minibatch edge type: (1, 1, 834)
Train edges= 0168
Val edges= 0021
Test edges= 0021
Minibatch edge type: (1, 1, 835)
Train edges= 3282
Val edges= 0410
Test edges= 0410
Minibatch edge type: (1, 1, 836)
Train edges= 0966
Val edges= 0120
Test edges= 0120
Minibatch edge type: (1, 1, 837)
Train edges= 1245
Val edges= 0155
Test edges= 0155
Minibatch edge type: (1, 1, 838)
Train edges= 0531
Val edges= 0066
Test edges= 0066
Minibatch edge type: (1, 1, 839)
Train edges= 9849
Val edges= 1230
Test edges= 1230
Minibatch edge type: (1, 1, 840)
Train edges= 9739
Val edges= 1217
Test edges= 1217
Minibatch edge type: (1, 1, 841)
Train edges= 2150
Val edges= 0268
Test edges= 0268
Minibatch edge type: (1, 1, 842)
Train edges= 3907
Val edges= 0488
Test edges= 0488
Minibatch edge type: (1, 1, 843)
Train edges= 3842
Val edges= 0480
Test edges= 0480
Minibatch edge type: (1, 1, 844)
Train edges= 0289
Val edges= 0035
Test edges= 0035
Minibatch edge type: (1, 1, 845)
Train edges= 0283
Val edges= 0035
Test edges= 0035
Minibatch edge type: (1, 1, 846)
Train edges= 1217
Val edges= 0152
Test edges= 0152
Minibatch edge type: (1, 1, 847)
Train edges= 1363
Val edges= 0170
Test edges= 0170
Minibatch edge type: (1, 1, 848)
Train edges= 0152
Val edges= 0019
Test edges= 0019
Minibatch edge type: (1, 1, 849)
Train edges= 1933
Val edges= 0241
Test edges= 0241
Minibatch edge type: (1, 1, 850)
Train edges= 2874
Val edges= 0359
Test edges= 0359
Minibatch edge type: (1, 1, 851)
Train edges= 0467
Val edges= 0058
Test edges= 0058
Minibatch edge type: (1, 1, 852)
Train edges= 0422
Val edges= 0052
Test edges= 0052
Minibatch edge type: (1, 1, 853)
Train edges= 0386
Val edges= 0048
Test edges= 0048
Minibatch edge type: (1, 1, 854)
Train edges= 0018
Val edges= 0002
Test edges= 0002
Minibatch edge type: (1, 1, 855)
Train edges= 0200
Val edges= 0024
Test edges= 0024
Minibatch edge type: (1, 1, 856)
Train edges= 1687
Val edges= 0210
Test edges= 0210
Minibatch edge type: (1, 1, 857)
Train edges= 0138
Val edges= 0017
Test edges= 0017
Minibatch edge type: (1, 1, 858)
Train edges= 14737
Val edges= 1841
Test edges= 1841
Minibatch edge type: (1, 1, 859)
Train edges= 0741
Val edges= 0092
Test edges= 0092
Minibatch edge type: (1, 1, 860)
Train edges= 0258
Val edges= 0032
Test edges= 0032
Minibatch edge type: (1, 1, 861)
Train edges= 12137
Val edges= 1517
Test edges= 1517
Minibatch edge type: (1, 1, 862)
Train edges= 0897
Val edges= 0111
Test edges= 0111
Minibatch edge type: (1, 1, 863)
Train edges= 0166
Val edges= 0020
Test edges= 0020
Minibatch edge type: (1, 1, 864)
Train edges= 1644
Val edges= 0205
Test edges= 0205
Minibatch edge type: (1, 1, 865)
Train edges= 0256
Val edges= 0032
Test edges= 0032
Minibatch edge type: (1, 1, 866)
Train edges= 19408
Val edges= 2426
Test edges= 2426
Minibatch edge type: (1, 1, 867)
Train edges= 1769
Val edges= 0220
Test edges= 0220
Minibatch edge type: (1, 1, 868)
Train edges= 4904
Val edges= 0612
Test edges= 0612
Minibatch edge type: (1, 1, 869)
Train edges= 5663
Val edges= 0707
Test edges= 0707
Minibatch edge type: (1, 1, 870)
Train edges= 0256
Val edges= 0031
Test edges= 0031
Minibatch edge type: (1, 1, 871)
Train edges= 0032
Val edges= 0003
Test edges= 0003
Minibatch edge type: (1, 1, 872)
Train edges= 0578
Val edges= 0072
Test edges= 0072
Minibatch edge type: (1, 1, 873)
Train edges= 0047
Val edges= 0005
Test edges= 0005
Minibatch edge type: (1, 1, 874)
Train edges= 0606
Val edges= 0075
Test edges= 0075
Minibatch edge type: (1, 1, 875)
Train edges= 0617
Val edges= 0076
Test edges= 0076
Minibatch edge type: (1, 1, 876)
Train edges= 1664
Val edges= 0208
Test edges= 0208
Minibatch edge type: (1, 1, 877)
Train edges= 0191
Val edges= 0023
Test edges= 0023
Minibatch edge type: (1, 1, 878)
Train edges= 5151
Val edges= 0643
Test edges= 0643
Minibatch edge type: (1, 1, 879)
Train edges= 0008
Val edges= 0001
Test edges= 0001
Minibatch edge type: (1, 1, 880)
Train edges= 0002
Val edges= 0000
Test edges= 0000
Minibatch edge type: (1, 1, 881)
Train edges= 7370
Val edges= 0921
Test edges= 0921
Minibatch edge type: (1, 1, 882)
Train edges= 5801
Val edges= 0724
Test edges= 0724
Minibatch edge type: (1, 1, 883)
Train edges= 0821
Val edges= 0102
Test edges= 0102
Minibatch edge type: (1, 1, 884)
Train edges= 7063
Val edges= 0882
Test edges= 0882
Minibatch edge type: (1, 1, 885)
Train edges= 5305
Val edges= 0662
Test edges= 0662
Minibatch edge type: (1, 1, 886)
Train edges= 1524
Val edges= 0190
Test edges= 0190
Minibatch edge type: (1, 1, 887)
Train edges= 13261
Val edges= 1657
Test edges= 1657
Minibatch edge type: (1, 1, 888)
Train edges= 3373
Val edges= 0421
Test edges= 0421
Minibatch edge type: (1, 1, 889)
Train edges= 4271
Val edges= 0533
Test edges= 0533
Minibatch edge type: (1, 1, 890)
Train edges= 2725
Val edges= 0340
Test edges= 0340
Minibatch edge type: (1, 1, 891)
Train edges= 2038
Val edges= 0254
Test edges= 0254
Minibatch edge type: (1, 1, 892)
Train edges= 5674
Val edges= 0709
Test edges= 0709
Minibatch edge type: (1, 1, 893)
Train edges= 0209
Val edges= 0026
Test edges= 0026
Minibatch edge type: (1, 1, 894)
Train edges= 2991
Val edges= 0373
Test edges= 0373
Minibatch edge type: (1, 1, 895)
Train edges= 0074
Val edges= 0009
Test edges= 0009
Minibatch edge type: (1, 1, 896)
Train edges= 0219
Val edges= 0027
Test edges= 0027
Minibatch edge type: (1, 1, 897)
Train edges= 10326
Val edges= 1290
Test edges= 1290
Minibatch edge type: (1, 1, 898)
Train edges= 0975
Val edges= 0121
Test edges= 0121
Minibatch edge type: (1, 1, 899)
Train edges= 2833
Val edges= 0354
Test edges= 0354
Minibatch edge type: (1, 1, 900)
Train edges= 2226
Val edges= 0278
Test edges= 0278
Minibatch edge type: (1, 1, 901)
Train edges= 1650
Val edges= 0206
Test edges= 0206
Minibatch edge type: (1, 1, 902)
Train edges= 0126
Val edges= 0015
Test edges= 0015
Minibatch edge type: (1, 1, 903)
Train edges= 0073
Val edges= 0008
Test edges= 0008
Minibatch edge type: (1, 1, 904)
Train edges= 2785
Val edges= 0347
Test edges= 0347
Minibatch edge type: (1, 1, 905)
Train edges= 0022
Val edges= 0002
Test edges= 0002
Minibatch edge type: (1, 1, 906)
Train edges= 1525
Val edges= 0190
Test edges= 0190
Minibatch edge type: (1, 1, 907)
Train edges= 1265
Val edges= 0157
Test edges= 0157
Minibatch edge type: (1, 1, 908)
Train edges= 2174
Val edges= 0271
Test edges= 0271
Minibatch edge type: (1, 1, 909)
Train edges= 0751
Val edges= 0093
Test edges= 0093
Minibatch edge type: (1, 1, 910)
Train edges= 1318
Val edges= 0164
Test edges= 0164
Minibatch edge type: (1, 1, 911)
Train edges= 0632
Val edges= 0078
Test edges= 0078
Minibatch edge type: (1, 1, 912)
Train edges= 0331
Val edges= 0041
Test edges= 0041
Minibatch edge type: (1, 1, 913)
Train edges= 4040
Val edges= 0505
Test edges= 0505
Minibatch edge type: (1, 1, 914)
Train edges= 0115
Val edges= 0014
Test edges= 0014
Minibatch edge type: (1, 1, 915)
Train edges= 0034
Val edges= 0004
Test edges= 0004
Minibatch edge type: (1, 1, 916)
Train edges= 0097
Val edges= 0012
Test edges= 0012
Minibatch edge type: (1, 1, 917)
Train edges= 0019
Val edges= 0002
Test edges= 0002
Minibatch edge type: (1, 1, 918)
Train edges= 0217
Val edges= 0026
Test edges= 0026
Minibatch edge type: (1, 1, 919)
Train edges= 0003
Val edges= 0000
Test edges= 0000
Minibatch edge type: (1, 1, 920)
Train edges= 4159
Val edges= 0519
Test edges= 0519
Minibatch edge type: (1, 1, 921)
Train edges= 0031
Val edges= 0003
Test edges= 0003
Minibatch edge type: (1, 1, 922)
Train edges= 5980
Val edges= 0747
Test edges= 0747
Minibatch edge type: (1, 1, 923)
Train edges= 3347
Val edges= 0418
Test edges= 0418
Minibatch edge type: (1, 1, 924)
Train edges= 15184
Val edges= 1898
Test edges= 1898
Minibatch edge type: (1, 1, 925)
Train edges= 1553
Val edges= 0193
Test edges= 0193
Minibatch edge type: (1, 1, 926)
Train edges= 0980
Val edges= 0122
Test edges= 0122
Minibatch edge type: (1, 1, 927)
Train edges= 4481
Val edges= 0559
Test edges= 0559
Minibatch edge type: (1, 1, 928)
Train edges= 1083
Val edges= 0135
Test edges= 0135
Minibatch edge type: (1, 1, 929)
Train edges= 0162
Val edges= 0020
Test edges= 0020
Minibatch edge type: (1, 1, 930)
Train edges= 0608
Val edges= 0076
Test edges= 0076
Minibatch edge type: (1, 1, 931)
Train edges= 0456
Val edges= 0056
Test edges= 0056
Minibatch edge type: (1, 1, 932)
Train edges= 1616
Val edges= 0201
Test edges= 0201
Minibatch edge type: (1, 1, 933)
Train edges= 2019
Val edges= 0252
Test edges= 0252
Minibatch edge type: (1, 1, 934)
Train edges= 0010
Val edges= 0001
Test edges= 0001
Minibatch edge type: (1, 1, 935)
Train edges= 0096
Val edges= 0012
Test edges= 0012
Minibatch edge type: (1, 1, 936)
Train edges= 2481
Val edges= 0310
Test edges= 0310
Minibatch edge type: (1, 1, 937)
Train edges= 5476
Val edges= 0684
Test edges= 0684
Minibatch edge type: (1, 1, 938)
Train edges= 2531
Val edges= 0316
Test edges= 0316
Minibatch edge type: (1, 1, 939)
Train edges= 0050
Val edges= 0006
Test edges= 0006
Minibatch edge type: (1, 1, 940)
Train edges= 0113
Val edges= 0013
Test edges= 0013
Minibatch edge type: (1, 1, 941)
Train edges= 1848
Val edges= 0231
Test edges= 0231
Minibatch edge type: (1, 1, 942)
Train edges= 0468
Val edges= 0058
Test edges= 0058
Minibatch edge type: (1, 1, 943)
Train edges= 4481
Val edges= 0559
Test edges= 0559
Minibatch edge type: (1, 1, 944)
Train edges= 5798
Val edges= 0724
Test edges= 0724
Minibatch edge type: (1, 1, 945)
Train edges= 0030
Val edges= 0003
Test edges= 0003
Minibatch edge type: (1, 1, 946)
Train edges= 3067
Val edges= 0383
Test edges= 0383
Minibatch edge type: (1, 1, 947)
Train edges= 3673
Val edges= 0459
Test edges= 0459
Minibatch edge type: (1, 1, 948)
Train edges= 2519
Val edges= 0314
Test edges= 0314
Minibatch edge type: (1, 1, 949)
Train edges= 2227
Val edges= 0278
Test edges= 0278
Minibatch edge type: (1, 1, 950)
Train edges= 1089
Val edges= 0135
Test edges= 0135
Minibatch edge type: (1, 1, 951)
Train edges= 0167
Val edges= 0020
Test edges= 0020
Minibatch edge type: (1, 1, 952)
Train edges= 0263
Val edges= 0032
Test edges= 0032
Minibatch edge type: (1, 1, 953)
Train edges= 0828
Val edges= 0103
Test edges= 0103
Minibatch edge type: (1, 1, 954)
Train edges= 15493
Val edges= 1936
Test edges= 1936
Minibatch edge type: (1, 1, 955)
Train edges= 0535
Val edges= 0066
Test edges= 0066
Minibatch edge type: (1, 1, 956)
Train edges= 4515
Val edges= 0564
Test edges= 0564
Minibatch edge type: (1, 1, 957)
Train edges= 4161
Val edges= 0519
Test edges= 0519
Minibatch edge type: (1, 1, 958)
Train edges= 0282
Val edges= 0035
Test edges= 0035
Minibatch edge type: (1, 1, 959)
Train edges= 0946
Val edges= 0118
Test edges= 0118
Minibatch edge type: (1, 1, 960)
Train edges= 5077
Val edges= 0634
Test edges= 0634
Minibatch edge type: (1, 1, 961)
Train edges= 11503
Val edges= 1437
Test edges= 1437
Minibatch edge type: (1, 1, 962)
Train edges= 6044
Val edges= 0755
Test edges= 0755
Minibatch edge type: (1, 1, 963)
Train edges= 2080
Val edges= 0259
Test edges= 0259
Minibatch edge type: (1, 1, 964)
Train edges= 13521
Val edges= 1689
Test edges= 1689
Minibatch edge type: (1, 1, 965)
Train edges= 0209
Val edges= 0025
Test edges= 0025
Minibatch edge type: (1, 1, 966)
Train edges= 2706
Val edges= 0338
Test edges= 0338
Minibatch edge type: (1, 1, 967)
Train edges= 0218
Val edges= 0027
Test edges= 0027
Minibatch edge type: (1, 1, 968)
Train edges= 0627
Val edges= 0078
Test edges= 0078
Minibatch edge type: (1, 1, 969)
Train edges= 1597
Val edges= 0199
Test edges= 0199
Minibatch edge type: (1, 1, 970)
Train edges= 1291
Val edges= 0161
Test edges= 0161
Minibatch edge type: (1, 1, 971)
Train edges= 1290
Val edges= 0161
Test edges= 0161
Minibatch edge type: (1, 1, 972)
Train edges= 0009
Val edges= 0001
Test edges= 0001
Minibatch edge type: (1, 1, 973)
Train edges= 0365
Val edges= 0045
Test edges= 0045
Minibatch edge type: (1, 1, 974)
Train edges= 0662
Val edges= 0082
Test edges= 0082
Minibatch edge type: (1, 1, 975)
Train edges= 19116
Val edges= 2389
Test edges= 2389
Minibatch edge type: (1, 1, 976)
Train edges= 2386
Val edges= 0298
Test edges= 0298
Minibatch edge type: (1, 1, 977)
Train edges= 4459
Val edges= 0557
Test edges= 0557
Minibatch edge type: (1, 1, 978)
Train edges= 14248
Val edges= 1780
Test edges= 1780
Minibatch edge type: (1, 1, 979)
Train edges= 1088
Val edges= 0135
Test edges= 0135
Minibatch edge type: (1, 1, 980)
Train edges= 0848
Val edges= 0106
Test edges= 0106
Minibatch edge type: (1, 1, 981)
Train edges= 7572
Val edges= 0946
Test edges= 0946
Minibatch edge type: (1, 1, 982)
Train edges= 1345
Val edges= 0168
Test edges= 0168
Minibatch edge type: (1, 1, 983)
Train edges= 1570
Val edges= 0196
Test edges= 0196
Minibatch edge type: (1, 1, 984)
Train edges= 3224
Val edges= 0403
Test edges= 0403
Minibatch edge type: (1, 1, 985)
Train edges= 1246
Val edges= 0155
Test edges= 0155
Minibatch edge type: (1, 1, 986)
Train edges= 3105
Val edges= 0388
Test edges= 0388
Minibatch edge type: (1, 1, 987)
Train edges= 0516
Val edges= 0064
Test edges= 0064
Minibatch edge type: (1, 1, 988)
Train edges= 0526
Val edges= 0065
Test edges= 0065
Minibatch edge type: (1, 1, 989)
Train edges= 7329
Val edges= 0915
Test edges= 0915
Minibatch edge type: (1, 1, 990)
Train edges= 0542
Val edges= 0067
Test edges= 0067
Minibatch edge type: (1, 1, 991)
Train edges= 0778
Val edges= 0097
Test edges= 0097
Minibatch edge type: (1, 1, 992)
Train edges= 4049
Val edges= 0505
Test edges= 0505
Minibatch edge type: (1, 1, 993)
Train edges= 4263
Val edges= 0532
Test edges= 0532
Minibatch edge type: (1, 1, 994)
Train edges= 0423
Val edges= 0052
Test edges= 0052
Minibatch edge type: (1, 1, 995)
Train edges= 5680
Val edges= 0709
Test edges= 0709
Minibatch edge type: (1, 1, 996)
Train edges= 0952
Val edges= 0119
Test edges= 0119
Minibatch edge type: (1, 1, 997)
Train edges= 0059
Val edges= 0007
Test edges= 0007
Minibatch edge type: (1, 1, 998)
